#
# A fatal error has been detected by the Java Runtime Environment:
#
#  EXCEPTION_ACCESS_VIOLATION (0xc0000005) at pc=0x00007ffa8e8575de, pid=30732, tid=16980
#
# JRE version: OpenJDK Runtime Environment Corretto-11.0.19.7.1 (11.0.19+7) (build 11.0.19+7-LTS)
# Java VM: OpenJDK 64-Bit Server VM Corretto-11.0.19.7.1 (11.0.19+7-LTS, mixed mode, tiered, compressed oops, g1 gc, windows-amd64)
# Problematic frame:
# C  [skiko-windows-x64.dll+0x575de]
#
# No core dump will be written. Minidumps are not enabled by default on client versions of Windows
#
# If you would like to submit a bug report, please visit:
#   https://github.com/corretto/corretto-11/issues/
# The crash happened outside the Java Virtual Machine in native code.
# See problematic frame for where to report the bug.
#

---------------  S U M M A R Y ------------

Command Line: -Dfile.encoding=UTF-8 -Duser.country=CN -Duser.language=zh -Duser.variant MainKt

Host: Intel(R) Core(TM) i5-10400 CPU @ 2.90GHz, 12 cores, 15G,  Windows 11 , 64 bit Build 22621 (10.0.22621.3085)
Time: Mon Mar 11 17:13:09 2024  Windows 11 , 64 bit Build 22621 (10.0.22621.3085) elapsed time: 44.519763 seconds (0d 0h 0m 44s)

---------------  T H R E A D  ---------------

Current thread (0x0000022d63b9d000):  JavaThread "AWT-EventQueue-0" [_thread_in_native, id=16980, stack(0x00000081ca500000,0x00000081ca600000)]

Stack: [0x00000081ca500000,0x00000081ca600000],  sp=0x00000081ca5f9e60,  free space=999k
Native frames: (J=compiled Java code, j=interpreted, Vv=VM code, C=native code)
C  [skiko-windows-x64.dll+0x575de]

Java frames: (J=compiled Java code, j=interpreted, Vv=VM code)
J 3838  org.jetbrains.skiko.redrawer.Direct3DRedrawer.makeDirectXSurface(JJIILjava/lang/Object;I)J (0 bytes) @ 0x0000022d4ec2513a [0x0000022d4ec250c0+0x000000000000007a]
J 3835 c1 org.jetbrains.skiko.redrawer.Direct3DRedrawer.makeSurface(JIILorg/jetbrains/skia/SurfaceProps;I)Lorg/jetbrains/skia/Surface; (55 bytes) @ 0x0000022d47e04e2c [0x0000022d47e047c0+0x000000000000066c]
J 3864 c1 org.jetbrains.skiko.context.Direct3DContextHandler.initCanvas()V (222 bytes) @ 0x0000022d47e1b124 [0x0000022d47e19a20+0x0000000000001704]
J 3862 c1 org.jetbrains.skiko.context.ContextHandler.draw()V (76 bytes) @ 0x0000022d47e25a0c [0x0000022d47e25800+0x000000000000020c]
J 3961 c1 org.jetbrains.skiko.redrawer.Direct3DRedrawer.drawAndSwap(Z)V (49 bytes) @ 0x0000022d47e64584 [0x0000022d47e643a0+0x00000000000001e4]
J 3741 c1 org.jetbrains.skiko.redrawer.Direct3DRedrawer.redrawImmediately()V (325 bytes) @ 0x0000022d47dbf814 [0x0000022d47dbf1e0+0x0000000000000634]
J 3740 c1 org.jetbrains.skiko.SkiaLayer.paint(Ljava/awt/Graphics;)V (112 bytes) @ 0x0000022d47dbd5f4 [0x0000022d47dbb9c0+0x0000000000001c34]
J 3739 c1 androidx.compose.ui.scene.skia.WindowSkiaLayerComponent$contentComponent$1.paint(Ljava/awt/Graphics;)V (22 bytes) @ 0x0000022d47dbaea4 [0x0000022d47dbab60+0x0000000000000344]
J 3252 c1 javax.swing.JComponent.paintChildren(Ljava/awt/Graphics;)V java.desktop@11.0.19 (691 bytes) @ 0x0000022d47c9eda4 [0x0000022d47c9b420+0x0000000000003984]
J 3084 c1 javax.swing.JComponent.paint(Ljava/awt/Graphics;)V java.desktop@11.0.19 (409 bytes) @ 0x0000022d47c3ad64 [0x0000022d47c389a0+0x00000000000023c4]
J 3400 c1 javax.swing.JLayeredPane.paint(Ljava/awt/Graphics;)V java.desktop@11.0.19 (77 bytes) @ 0x0000022d47cea88c [0x0000022d47ce9ee0+0x00000000000009ac]
J 3252 c1 javax.swing.JComponent.paintChildren(Ljava/awt/Graphics;)V java.desktop@11.0.19 (691 bytes) @ 0x0000022d47c9eda4 [0x0000022d47c9b420+0x0000000000003984]
J 3084 c1 javax.swing.JComponent.paint(Ljava/awt/Graphics;)V java.desktop@11.0.19 (409 bytes) @ 0x0000022d47c3ad64 [0x0000022d47c389a0+0x00000000000023c4]
J 3252 c1 javax.swing.JComponent.paintChildren(Ljava/awt/Graphics;)V java.desktop@11.0.19 (691 bytes) @ 0x0000022d47c9eda4 [0x0000022d47c9b420+0x0000000000003984]
J 3084 c1 javax.swing.JComponent.paint(Ljava/awt/Graphics;)V java.desktop@11.0.19 (409 bytes) @ 0x0000022d47c3ad64 [0x0000022d47c389a0+0x00000000000023c4]
J 3400 c1 javax.swing.JLayeredPane.paint(Ljava/awt/Graphics;)V java.desktop@11.0.19 (77 bytes) @ 0x0000022d47cea88c [0x0000022d47ce9ee0+0x00000000000009ac]
J 3252 c1 javax.swing.JComponent.paintChildren(Ljava/awt/Graphics;)V java.desktop@11.0.19 (691 bytes) @ 0x0000022d47c9eda4 [0x0000022d47c9b420+0x0000000000003984]
J 3987 c1 javax.swing.JComponent.paintToOffscreen(Ljava/awt/Graphics;IIIIII)V java.desktop@11.0.19 (108 bytes) @ 0x0000022d47e75cac [0x0000022d47e75280+0x0000000000000a2c]
J 3761 c1 javax.swing.RepaintManager$PaintManager.paintDoubleBufferedImpl(Ljavax/swing/JComponent;Ljava/awt/Image;Ljava/awt/Graphics;IIII)V java.desktop@11.0.19 (294 bytes) @ 0x0000022d47dcfa4c [0x0000022d47dcf320+0x000000000000072c]
J 3966 c1 javax.swing.RepaintManager$PaintManager.paintDoubleBuffered(Ljavax/swing/JComponent;Ljava/awt/Image;Ljava/awt/Graphics;IIII)V java.desktop@11.0.19 (50 bytes) @ 0x0000022d47e66614 [0x0000022d47e66380+0x0000000000000294]
J 4089 c1 javax.swing.RepaintManager$PaintManager.paint(Ljavax/swing/JComponent;Ljavax/swing/JComponent;Ljava/awt/Graphics;IIII)Z java.desktop@11.0.19 (201 bytes) @ 0x0000022d47ec84d4 [0x0000022d47ec7800+0x0000000000000cd4]
J 3876 c1 javax.swing.RepaintManager.paint(Ljavax/swing/JComponent;Ljavax/swing/JComponent;Ljava/awt/Graphics;IIII)V java.desktop@11.0.19 (93 bytes) @ 0x0000022d47e38b54 [0x0000022d47e386c0+0x0000000000000494]
J 3084 c1 javax.swing.JComponent.paint(Ljava/awt/Graphics;)V java.desktop@11.0.19 (409 bytes) @ 0x0000022d47c3afb4 [0x0000022d47c389a0+0x0000000000002614]
j  java.awt.GraphicsCallback$PaintCallback.run(Ljava/awt/Component;Ljava/awt/Graphics;)V+2 java.desktop@11.0.19
j  sun.awt.SunGraphicsCallback.runOneComponent(Ljava/awt/Component;Ljava/awt/Rectangle;Ljava/awt/Graphics;Ljava/awt/Shape;I)V+155 java.desktop@11.0.19
J 3982 c1 sun.awt.SunGraphicsCallback.runComponents([Ljava/awt/Component;Ljava/awt/Graphics;I)V java.desktop@11.0.19 (167 bytes) @ 0x0000022d47e7207c [0x0000022d47e718a0+0x00000000000007dc]
J 3979 c1 java.awt.Container.paint(Ljava/awt/Graphics;)V java.desktop@11.0.19 (62 bytes) @ 0x0000022d47e73b8c [0x0000022d47e73160+0x0000000000000a2c]
J 3753 c1 java.awt.Window.paint(Ljava/awt/Graphics;)V java.desktop@11.0.19 (72 bytes) @ 0x0000022d47dc9634 [0x0000022d47dc87c0+0x0000000000000e74]
J 3977 c1 javax.swing.RepaintManager$4.run()Ljava/lang/Void; java.desktop@11.0.19 (277 bytes) @ 0x0000022d47e70624 [0x0000022d47e6f9a0+0x0000000000000c84]
J 3752 c1 javax.swing.RepaintManager$4.run()Ljava/lang/Object; java.desktop@11.0.19 (5 bytes) @ 0x0000022d47dc83c4 [0x0000022d47dc8340+0x0000000000000084]
v  ~StubRoutines::call_stub
J 1445  java.security.AccessController.doPrivileged(Ljava/security/PrivilegedAction;Ljava/security/AccessControlContext;)Ljava/lang/Object; java.base@11.0.19 (0 bytes) @ 0x0000022d4eb678b6 [0x0000022d4eb67840+0x0000000000000076]
J 3872 c1 javax.swing.RepaintManager.paintDirtyRegions(Ljava/util/Map;)V java.desktop@11.0.19 (196 bytes) @ 0x0000022d47e34a44 [0x0000022d47e33780+0x00000000000012c4]
J 3925 c1 javax.swing.RepaintManager.paintDirtyRegions()V java.desktop@11.0.19 (50 bytes) @ 0x0000022d47e57234 [0x0000022d47e56f60+0x00000000000002d4]
J 3924 c1 javax.swing.RepaintManager.prePaintDirtyRegions()V java.desktop@11.0.19 (91 bytes) @ 0x0000022d47e567dc [0x0000022d47e56160+0x000000000000067c]
J 3648 c1 javax.swing.RepaintManager$ProcessingRunnable.run()V java.desktop@11.0.19 (41 bytes) @ 0x0000022d47d852b4 [0x0000022d47d85080+0x0000000000000234]
J 3962 c2 java.awt.event.InvocationEvent.dispatch()V java.desktop@11.0.19 (69 bytes) @ 0x0000022d4ec59d14 [0x0000022d4ec59cc0+0x0000000000000054]
J 3681 c2 java.awt.EventQueue$4.run()Ljava/lang/Object; java.desktop@11.0.19 (5 bytes) @ 0x0000022d4ec1499c [0x0000022d4ec148e0+0x00000000000000bc]
v  ~StubRoutines::call_stub
J 1445  java.security.AccessController.doPrivileged(Ljava/security/PrivilegedAction;Ljava/security/AccessControlContext;)Ljava/lang/Object; java.base@11.0.19 (0 bytes) @ 0x0000022d4eb678b6 [0x0000022d4eb67840+0x0000000000000076]
J 3323 c2 java.awt.EventQueue.dispatchEvent(Ljava/awt/AWTEvent;)V java.desktop@11.0.19 (80 bytes) @ 0x0000022d4ebeb770 [0x0000022d4ebeb1c0+0x00000000000005b0]
J 3686 c2 java.awt.EventDispatchThread.pumpOneEventForFilters(I)V java.desktop@11.0.19 (113 bytes) @ 0x0000022d4ec1aa04 [0x0000022d4ec1a840+0x00000000000001c4]
j  java.awt.EventDispatchThread.pumpEventsForFilter(ILjava/awt/Conditional;Ljava/awt/EventFilter;)V+35 java.desktop@11.0.19
j  java.awt.EventDispatchThread.pumpEventsForHierarchy(ILjava/awt/Conditional;Ljava/awt/Component;)V+11 java.desktop@11.0.19
j  java.awt.EventDispatchThread.pumpEvents(ILjava/awt/Conditional;)V+4 java.desktop@11.0.19
j  java.awt.EventDispatchThread.pumpEvents(Ljava/awt/Conditional;)V+3 java.desktop@11.0.19
j  java.awt.EventDispatchThread.run()V+9 java.desktop@11.0.19
v  ~StubRoutines::call_stub

siginfo: EXCEPTION_ACCESS_VIOLATION (0xc0000005), reading address 0x0000000000000000


Register to memory mapping:

RIP=0x00007ffa8e8575de skiko-windows-x64.dll
RAX=0x00000081ca5f9eb0 is pointing into the stack for thread: 0x0000022d63b9d000
RBX=0x0 is NULL
RCX=0x0 is NULL
RDX=0x00000081ca5f9f60 is pointing into the stack for thread: 0x0000022d63b9d000
RSP=0x00000081ca5f9e60 is pointing into the stack for thread: 0x0000022d63b9d000
RBP=0x00000081ca5f9f60 is pointing into the stack for thread: 0x0000022d63b9d000
RSI=0x0000022d63b9d348 points into unknown readable memory: 0x00007ffa7ca4aeb0 | b0 ae a4 7c fa 7f 00 00
RDI=0x0000022d64e45618 points into unknown readable memory: 0x0000000000000000 | 00 00 00 00 00 00 00 00
R8 =0x0 is NULL
R9 =0x000000000000001b is an unknown value
R10=0x0 is NULL
R11=0xfedffa0000000001 is an unknown value
R12=0x0 is NULL
R13=0x0 is NULL
R14=0x0000022d6e421cb0 points into unknown readable memory: 0x00007ffa8f552fc8 | c8 2f 55 8f fa 7f 00 00
R15=0x00000081ca5fa098 is pointing into the stack for thread: 0x0000022d63b9d000


Registers:
RAX=0x00000081ca5f9eb0, RBX=0x0000000000000000, RCX=0x0000000000000000, RDX=0x00000081ca5f9f60
RSP=0x00000081ca5f9e60, RBP=0x00000081ca5f9f60, RSI=0x0000022d63b9d348, RDI=0x0000022d64e45618
R8 =0x0000000000000000, R9 =0x000000000000001b, R10=0x0000000000000000, R11=0xfedffa0000000001
R12=0x0000000000000000, R13=0x0000000000000000, R14=0x0000022d6e421cb0, R15=0x00000081ca5fa098
RIP=0x00007ffa8e8575de, EFLAGS=0x0000000000010206

Top of Stack: (sp=0x00000081ca5f9e60)
0x00000081ca5f9e60:   00000081ca5f9f60 0000022d6e421cb0
0x00000081ca5f9e70:   0000000000000000 0000022d63b9d348
0x00000081ca5f9e80:   0000000000000000 0000000000000000
0x00000081ca5f9e90:   000096d95807ed20 0000000000000000
0x00000081ca5f9ea0:   0000000000000002 0000022d6e7c3170
0x00000081ca5f9eb0:   0000022d636d13a0 0000000000000000
0x00000081ca5f9ec0:   0000000000000000 0000001c00000000
0x00000081ca5f9ed0:   0000000100000001 00007f0000000000
0x00000081ca5f9ee0:   00000081ca5f9ff8 0000000000000000
0x00000081ca5f9ef0:   000096d95807ef30 0000000000000080
0x00000081ca5f9f00:   00000000887a0005 00007ffb63dd3a53
0x00000081ca5f9f10:   0000000000000000 0000000000000080
0x00000081ca5f9f20:   0000000000000003 0000022d6e7c3170
0x00000081ca5f9f30:   00000081ca5f9fe0 000000810000001c
0x00000081ca5f9f40:   0000000000000000 0000000000000000
0x00000081ca5f9f50:   0000000000000000 00007ffb6936ab11 

Instructions: (pc=0x00007ffa8e8575de)
0x00007ffa8e8574de:   cc cc cc cc cc cc cc cc cc cc cc cc cc cc cc cc
0x00007ffa8e8574ee:   cc cc cc cc cc cc cc cc cc cc cc cc cc cc cc cc
0x00007ffa8e8574fe:   cc cc 40 55 53 56 57 41 54 41 56 41 57 48 8d ac
0x00007ffa8e85750e:   24 70 ff ff ff 48 81 ec 90 01 00 00 0f 29 b4 24
0x00007ffa8e85751e:   80 01 00 00 48 8b 05 9f 8b f1 00 48 33 c4 48 89
0x00007ffa8e85752e:   45 70 48 63 95 08 01 00 00 4d 8b f1 4c 8b bd 00
0x00007ffa8e85753e:   01 00 00 4d 8d 48 48 48 8b f1 c7 44 24 6c 1c 00
0x00007ffa8e85754e:   00 00 49 8b 48 38 0f 57 c0 45 33 e4 c7 44 24 70
0x00007ffa8e85755e:   01 00 00 00 f3 0f 7f 44 24 58 44 89 64 24 68 49
0x00007ffa8e85756e:   8d 3c d0 48 c7 44 24 74 01 00 00 00 4d 8d 0c d1
0x00007ffa8e85757e:   44 88 64 24 7c 4c 8d 05 5e 26 c9 00 48 8b 01 ff
0x00007ffa8e85758e:   50 48 48 8d 44 24 58 48 83 c7 48 48 3b c7 74 26
0x00007ffa8e85759e:   48 8b 1f 48 85 db 74 09 48 8b 03 48 8b cb ff 50
0x00007ffa8e8575ae:   08 48 8b 4c 24 58 48 89 5c 24 58 48 85 c9 74 06
0x00007ffa8e8575be:   48 8b 01 ff 50 10 4d 8b c7 48 8d 4c 24 50 48 8b
0x00007ffa8e8575ce:   d6 e8 ac 50 fb ff 48 8b 0f 48 8d 55 00 0f 57 f6
0x00007ffa8e8575de:   48 8b 01 ff 50 50 48 8b 0f 48 8d 55 38 8b 58 18
0x00007ffa8e8575ee:   48 8b 01 ff 50 50 48 8d 4d 90 66 0f 7f 75 90 48
0x00007ffa8e8575fe:   89 4c 24 20 4c 8d 4c 24 58 44 8b c3 48 8d 4d a0
0x00007ffa8e85760e:   8b 50 10 e8 01 f1 fa ff 48 8b 5c 24 50 48 8d 4d
0x00007ffa8e85761e:   88 e8 bc 17 fc ff 4c 89 64 24 48 4c 8d 45 a0 4c
0x00007ffa8e85762e:   89 64 24 40 48 8d 4d 80 48 89 5c 24 38 45 33 c9
0x00007ffa8e85763e:   48 89 44 24 30 49 8b d6 c7 44 24 28 04 00 00 00
0x00007ffa8e85764e:   44 89 64 24 20 e8 07 8f fb ff bb ff ff ff ff 48
0x00007ffa8e85765e:   8b 38 4c 89 20 48 8b 4d 80 48 85 c9 74 12 8b c3
0x00007ffa8e85766e:   f0 0f c1 41 08 83 f8 01 75 06 48 8b 01 ff 50 08
0x00007ffa8e85767e:   48 8d 4d a0 e8 ad e5 fc ff 48 8b 4c 24 50 48 85
0x00007ffa8e85768e:   c9 74 0a ba 08 00 00 00 e8 2e 88 fc ff 48 8b 4c
0x00007ffa8e85769e:   24 60 48 85 c9 74 10 f0 0f c1 59 08 83 fb 01 75
0x00007ffa8e8576ae:   06 48 8b 11 ff 52 08 48 8b 4c 24 58 48 85 c9 74
0x00007ffa8e8576be:   06 48 8b 11 ff 52 10 48 8b c7 48 8b 4d 70 48 33
0x00007ffa8e8576ce:   cc e8 99 bc fb ff 0f 28 b4 24 80 01 00 00 48 81 


Stack slot to memory mapping:
stack at sp + 0 slots: 0x00000081ca5f9f60 is pointing into the stack for thread: 0x0000022d63b9d000
stack at sp + 1 slots: 0x0000022d6e421cb0 points into unknown readable memory: 0x00007ffa8f552fc8 | c8 2f 55 8f fa 7f 00 00
stack at sp + 2 slots: 0x0 is NULL
stack at sp + 3 slots: 0x0000022d63b9d348 points into unknown readable memory: 0x00007ffa7ca4aeb0 | b0 ae a4 7c fa 7f 00 00
stack at sp + 4 slots: 0x0 is NULL
stack at sp + 5 slots: 0x0 is NULL
stack at sp + 6 slots: 0x000096d95807ed20 is an unknown value
stack at sp + 7 slots: 0x0 is NULL


---------------  P R O C E S S  ---------------

Threads class SMR info:
_java_thread_list=0x0000022d6e9bb900, length=23, elements={
0x0000022d3e879800, 0x0000022d63318000, 0x0000022d63318800, 0x0000022d633a9800,
0x0000022d633aa800, 0x0000022d633ac000, 0x0000022d633af000, 0x0000022d633c3000,
0x0000022d633d5000, 0x0000022d6353d800, 0x0000022d63c7f000, 0x0000022d63c80800,
0x0000022d63c83800, 0x0000022d63b9d000, 0x0000022d64967000, 0x0000022d649a6800,
0x0000022d64ab1800, 0x0000022d648e9000, 0x0000022d6499b000, 0x0000022d6e08d800,
0x0000022d6e08c000, 0x0000022d6e089800, 0x0000022d6e08b000
}

Java Threads: ( => current thread )
  0x0000022d3e879800 JavaThread "main" [_thread_blocked, id=30752, stack(0x00000081c9000000,0x00000081c9100000)]
  0x0000022d63318000 JavaThread "Reference Handler" daemon [_thread_blocked, id=19396, stack(0x00000081c9700000,0x00000081c9800000)]
  0x0000022d63318800 JavaThread "Finalizer" daemon [_thread_blocked, id=22780, stack(0x00000081c9800000,0x00000081c9900000)]
  0x0000022d633a9800 JavaThread "Signal Dispatcher" daemon [_thread_blocked, id=31784, stack(0x00000081c9900000,0x00000081c9a00000)]
  0x0000022d633aa800 JavaThread "Attach Listener" daemon [_thread_blocked, id=5372, stack(0x00000081c9a00000,0x00000081c9b00000)]
  0x0000022d633ac000 JavaThread "Service Thread" daemon [_thread_blocked, id=10216, stack(0x00000081c9b00000,0x00000081c9c00000)]
  0x0000022d633af000 JavaThread "C2 CompilerThread0" daemon [_thread_blocked, id=27400, stack(0x00000081c9c00000,0x00000081c9d00000)]
  0x0000022d633c3000 JavaThread "C1 CompilerThread0" daemon [_thread_blocked, id=30636, stack(0x00000081c9d00000,0x00000081c9e00000)]
  0x0000022d633d5000 JavaThread "Sweeper thread" daemon [_thread_blocked, id=14940, stack(0x00000081c9e00000,0x00000081c9f00000)]
  0x0000022d6353d800 JavaThread "Common-Cleaner" daemon [_thread_blocked, id=32068, stack(0x00000081ca000000,0x00000081ca100000)]
  0x0000022d63c7f000 JavaThread "Java2D Disposer" daemon [_thread_blocked, id=34208, stack(0x00000081ca200000,0x00000081ca300000)]
  0x0000022d63c80800 JavaThread "AWT-Shutdown" [_thread_blocked, id=37464, stack(0x00000081ca300000,0x00000081ca400000)]
  0x0000022d63c83800 JavaThread "AWT-Windows" daemon [_thread_in_native, id=28524, stack(0x00000081ca400000,0x00000081ca500000)]
=>0x0000022d63b9d000 JavaThread "AWT-EventQueue-0" [_thread_in_native, id=16980, stack(0x00000081ca500000,0x00000081ca600000)]
  0x0000022d64967000 JavaThread "DefaultDispatcher-worker-1" daemon [_thread_blocked, id=35272, stack(0x00000081cad00000,0x00000081cae00000)]
  0x0000022d649a6800 JavaThread "DefaultDispatcher-worker-2" daemon [_thread_blocked, id=5452, stack(0x00000081cae00000,0x00000081caf00000)]
  0x0000022d64ab1800 JavaThread "DefaultDispatcher-worker-3" daemon [_thread_blocked, id=33464, stack(0x00000081caf00000,0x00000081cb000000)]
  0x0000022d648e9000 JavaThread "kotlinx.coroutines.DefaultExecutor" daemon [_thread_blocked, id=34476, stack(0x00000081cb000000,0x00000081cb100000)]
  0x0000022d6499b000 JavaThread "Reference Cleaner" daemon [_thread_blocked, id=34524, stack(0x00000081cb100000,0x00000081cb200000)]
  0x0000022d6e08d800 JavaThread "TimerQueue" daemon [_thread_blocked, id=20772, stack(0x00000081cb300000,0x00000081cb400000)]
  0x0000022d6e08c000 JavaThread "D3D Screen Updater" daemon [_thread_blocked, id=2068, stack(0x00000081ca100000,0x00000081ca200000)]
  0x0000022d6e089800 JavaThread "pool-1-thread-1" daemon [_thread_blocked, id=2144, stack(0x00000081cbb00000,0x00000081cbc00000)]
  0x0000022d6e08b000 JavaThread "pool-1-thread-2" daemon [_thread_blocked, id=19012, stack(0x00000081cbc00000,0x00000081cbd00000)]

Other Threads:
  0x0000022d63314000 VMThread "VM Thread" [stack: 0x00000081c9600000,0x00000081c9700000] [id=16684]
  0x0000022d63539800 WatcherThread [stack: 0x00000081c9f00000,0x00000081ca000000] [id=36324]
  0x0000022d3e892800 GCTaskThread "GC Thread#0" [stack: 0x00000081c9100000,0x00000081c9200000] [id=35784]
  0x0000022d63fde000 GCTaskThread "GC Thread#1" [stack: 0x00000081ca600000,0x00000081ca700000] [id=33044]
  0x0000022d64067800 GCTaskThread "GC Thread#2" [stack: 0x00000081ca700000,0x00000081ca800000] [id=32820]
  0x0000022d64068800 GCTaskThread "GC Thread#3" [stack: 0x00000081ca800000,0x00000081ca900000] [id=20900]
  0x0000022d64069000 GCTaskThread "GC Thread#4" [stack: 0x00000081ca900000,0x00000081caa00000] [id=18876]
  0x0000022d640f7000 GCTaskThread "GC Thread#5" [stack: 0x00000081caa00000,0x00000081cab00000] [id=32868]
  0x0000022d3e8f1000 ConcurrentGCThread "G1 Main Marker" [stack: 0x00000081c9200000,0x00000081c9300000] [id=30452]
  0x0000022d3e8f2000 ConcurrentGCThread "G1 Conc#0" [stack: 0x00000081c9300000,0x00000081c9400000] [id=8816]
  0x0000022d6e086800 ConcurrentGCThread "G1 Conc#1" [stack: 0x00000081cb400000,0x00000081cb500000] [id=26552]
  0x0000022d640fb000 ConcurrentGCThread "G1 Conc#2" [stack: 0x00000081cb500000,0x00000081cb600000] [id=17216]
  0x0000022d62979800 ConcurrentGCThread "G1 Refine#0" [stack: 0x00000081c9400000,0x00000081c9500000] [id=26584]
  0x0000022d6297a800 ConcurrentGCThread "G1 Young RemSet Sampling" [stack: 0x00000081c9500000,0x00000081c9600000] [id=28900]

Threads with active compile tasks:

VM state:not at safepoint (normal execution)

VM Mutex/Monitor currently owned by a thread: None

Heap address: 0x0000000701200000, size: 4078 MB, Compressed Oops mode: Zero based, Oop shift amount: 3
Narrow klass base: 0x0000000800000000, Narrow klass shift: 0
Compressed class space size: 1073741824 Address: 0x0000000800000000

Heap:
 garbage-first heap   total 262144K, used 62603K [0x0000000701200000, 0x0000000800000000)
  region size 1024K, 51 young (52224K), 5 survivors (5120K)
 Metaspace       used 28512K, capacity 28932K, committed 29056K, reserved 1075200K
  class space    used 2700K, capacity 2903K, committed 2944K, reserved 1048576K
Heap Regions: E=young(eden), S=young(survivor), O=old, HS=humongous(starts), HC=humongous(continues), CS=collection set, F=free, A=archive, TAMS=top-at-mark-start (previous, next)
|   0|0x0000000701200000, 0x0000000701200000, 0x0000000701300000|  0%| F|  |TAMS 0x0000000701200000, 0x0000000701200000| Untracked 
|   1|0x0000000701300000, 0x000000070130a800, 0x0000000701400000|  4%| O|  |TAMS 0x000000070130a800, 0x0000000701300000| Untracked 
|   2|0x0000000701400000, 0x0000000701500000, 0x0000000701500000|100%|HS|  |TAMS 0x0000000701400000, 0x0000000701400000| Complete 
|   3|0x0000000701500000, 0x0000000701600000, 0x0000000701600000|100%|HC|  |TAMS 0x0000000701500000, 0x0000000701500000| Complete 
|   4|0x0000000701600000, 0x0000000701700000, 0x0000000701700000|100%|HC|  |TAMS 0x0000000701600000, 0x0000000701600000| Complete 
|   5|0x0000000701700000, 0x0000000701800000, 0x0000000701800000|100%|HC|  |TAMS 0x0000000701700000, 0x0000000701700000| Complete 
|   6|0x0000000701800000, 0x0000000701900000, 0x0000000701900000|100%|HC|  |TAMS 0x0000000701800000, 0x0000000701800000| Complete 
|   7|0x0000000701900000, 0x0000000701a00000, 0x0000000701a00000|100%|HS|  |TAMS 0x0000000701900000, 0x0000000701900000| Complete 
|   8|0x0000000701a00000, 0x0000000701b00000, 0x0000000701b00000|100%|HC|  |TAMS 0x0000000701a00000, 0x0000000701a00000| Complete 
|   9|0x0000000701b00000, 0x0000000701c00000, 0x0000000701c00000|100%|HC|  |TAMS 0x0000000701b00000, 0x0000000701b00000| Complete 
|  10|0x0000000701c00000, 0x0000000701d00000, 0x0000000701d00000|100%|HC|  |TAMS 0x0000000701c00000, 0x0000000701c00000| Complete 
|  11|0x0000000701d00000, 0x0000000701e00000, 0x0000000701e00000|100%|HC|  |TAMS 0x0000000701d00000, 0x0000000701d00000| Complete 
|  12|0x0000000701e00000, 0x0000000701f00000, 0x0000000701f00000|100%|HC|  |TAMS 0x0000000701e00000, 0x0000000701e00000| Complete 
|  13|0x0000000701f00000, 0x0000000702000000, 0x0000000702000000|100%|HC|  |TAMS 0x0000000701f00000, 0x0000000701f00000| Complete 
|  14|0x0000000702000000, 0x0000000702100000, 0x0000000702100000|100%|HC|  |TAMS 0x0000000702000000, 0x0000000702000000| Complete 
|  15|0x0000000702100000, 0x0000000702100000, 0x0000000702200000|  0%| F|  |TAMS 0x0000000702100000, 0x0000000702100000| Untracked 
|  16|0x0000000702200000, 0x0000000702200000, 0x0000000702300000|  0%| F|  |TAMS 0x0000000702200000, 0x0000000702200000| Untracked 
|  17|0x0000000702300000, 0x0000000702300000, 0x0000000702400000|  0%| F|  |TAMS 0x0000000702300000, 0x0000000702300000| Untracked 
|  18|0x0000000702400000, 0x0000000702400000, 0x0000000702500000|  0%| F|  |TAMS 0x0000000702400000, 0x0000000702400000| Untracked 
|  19|0x0000000702500000, 0x0000000702500000, 0x0000000702600000|  0%| F|  |TAMS 0x0000000702500000, 0x0000000702500000| Untracked 
|  20|0x0000000702600000, 0x0000000702600000, 0x0000000702700000|  0%| F|  |TAMS 0x0000000702600000, 0x0000000702600000| Untracked 
|  21|0x0000000702700000, 0x0000000702700000, 0x0000000702800000|  0%| F|  |TAMS 0x0000000702700000, 0x0000000702700000| Untracked 
|  22|0x0000000702800000, 0x0000000702800000, 0x0000000702900000|  0%| F|  |TAMS 0x0000000702800000, 0x0000000702800000| Untracked 
|  23|0x0000000702900000, 0x0000000702900000, 0x0000000702a00000|  0%| F|  |TAMS 0x0000000702900000, 0x0000000702900000| Untracked 
|  24|0x0000000702a00000, 0x0000000702a00000, 0x0000000702b00000|  0%| F|  |TAMS 0x0000000702a00000, 0x0000000702a00000| Untracked 
|  25|0x0000000702b00000, 0x0000000702b00000, 0x0000000702c00000|  0%| F|  |TAMS 0x0000000702b00000, 0x0000000702b00000| Untracked 
|  26|0x0000000702c00000, 0x0000000702c00000, 0x0000000702d00000|  0%| F|  |TAMS 0x0000000702c00000, 0x0000000702c00000| Untracked 
|  27|0x0000000702d00000, 0x0000000702d00000, 0x0000000702e00000|  0%| F|  |TAMS 0x0000000702d00000, 0x0000000702d00000| Untracked 
|  28|0x0000000702e00000, 0x0000000702e00000, 0x0000000702f00000|  0%| F|  |TAMS 0x0000000702e00000, 0x0000000702e00000| Untracked 
|  29|0x0000000702f00000, 0x0000000702f00000, 0x0000000703000000|  0%| F|  |TAMS 0x0000000702f00000, 0x0000000702f00000| Untracked 
|  30|0x0000000703000000, 0x0000000703000000, 0x0000000703100000|  0%| F|  |TAMS 0x0000000703000000, 0x0000000703000000| Untracked 
|  31|0x0000000703100000, 0x0000000703100000, 0x0000000703200000|  0%| F|  |TAMS 0x0000000703100000, 0x0000000703100000| Untracked 
|  32|0x0000000703200000, 0x0000000703200000, 0x0000000703300000|  0%| F|  |TAMS 0x0000000703200000, 0x0000000703200000| Untracked 
|  33|0x0000000703300000, 0x0000000703300000, 0x0000000703400000|  0%| F|  |TAMS 0x0000000703300000, 0x0000000703300000| Untracked 
|  34|0x0000000703400000, 0x0000000703400000, 0x0000000703500000|  0%| F|  |TAMS 0x0000000703400000, 0x0000000703400000| Untracked 
|  35|0x0000000703500000, 0x0000000703500000, 0x0000000703600000|  0%| F|  |TAMS 0x0000000703500000, 0x0000000703500000| Untracked 
|  36|0x0000000703600000, 0x0000000703600000, 0x0000000703700000|  0%| F|  |TAMS 0x0000000703600000, 0x0000000703600000| Untracked 
|  37|0x0000000703700000, 0x0000000703700000, 0x0000000703800000|  0%| F|  |TAMS 0x0000000703700000, 0x0000000703700000| Untracked 
|  38|0x0000000703800000, 0x0000000703800000, 0x0000000703900000|  0%| F|  |TAMS 0x0000000703800000, 0x0000000703800000| Untracked 
|  39|0x0000000703900000, 0x0000000703900000, 0x0000000703a00000|  0%| F|  |TAMS 0x0000000703900000, 0x0000000703900000| Untracked 
|  40|0x0000000703a00000, 0x0000000703a00000, 0x0000000703b00000|  0%| F|  |TAMS 0x0000000703a00000, 0x0000000703a00000| Untracked 
|  41|0x0000000703b00000, 0x0000000703b00000, 0x0000000703c00000|  0%| F|  |TAMS 0x0000000703b00000, 0x0000000703b00000| Untracked 
|  42|0x0000000703c00000, 0x0000000703c00000, 0x0000000703d00000|  0%| F|  |TAMS 0x0000000703c00000, 0x0000000703c00000| Untracked 
|  43|0x0000000703d00000, 0x0000000703d00000, 0x0000000703e00000|  0%| F|  |TAMS 0x0000000703d00000, 0x0000000703d00000| Untracked 
|  44|0x0000000703e00000, 0x0000000703e00000, 0x0000000703f00000|  0%| F|  |TAMS 0x0000000703e00000, 0x0000000703e00000| Untracked 
|  45|0x0000000703f00000, 0x0000000703f00000, 0x0000000704000000|  0%| F|  |TAMS 0x0000000703f00000, 0x0000000703f00000| Untracked 
|  46|0x0000000704000000, 0x0000000704000000, 0x0000000704100000|  0%| F|  |TAMS 0x0000000704000000, 0x0000000704000000| Untracked 
|  47|0x0000000704100000, 0x0000000704100000, 0x0000000704200000|  0%| F|  |TAMS 0x0000000704100000, 0x0000000704100000| Untracked 
|  48|0x0000000704200000, 0x0000000704200000, 0x0000000704300000|  0%| F|  |TAMS 0x0000000704200000, 0x0000000704200000| Untracked 
|  49|0x0000000704300000, 0x0000000704300000, 0x0000000704400000|  0%| F|  |TAMS 0x0000000704300000, 0x0000000704300000| Untracked 
|  50|0x0000000704400000, 0x0000000704400000, 0x0000000704500000|  0%| F|  |TAMS 0x0000000704400000, 0x0000000704400000| Untracked 
|  51|0x0000000704500000, 0x0000000704500000, 0x0000000704600000|  0%| F|  |TAMS 0x0000000704500000, 0x0000000704500000| Untracked 
|  52|0x0000000704600000, 0x0000000704600000, 0x0000000704700000|  0%| F|  |TAMS 0x0000000704600000, 0x0000000704600000| Untracked 
|  53|0x0000000704700000, 0x0000000704700000, 0x0000000704800000|  0%| F|  |TAMS 0x0000000704700000, 0x0000000704700000| Untracked 
|  54|0x0000000704800000, 0x0000000704800000, 0x0000000704900000|  0%| F|  |TAMS 0x0000000704800000, 0x0000000704800000| Untracked 
|  55|0x0000000704900000, 0x0000000704900000, 0x0000000704a00000|  0%| F|  |TAMS 0x0000000704900000, 0x0000000704900000| Untracked 
|  56|0x0000000704a00000, 0x0000000704a00000, 0x0000000704b00000|  0%| F|  |TAMS 0x0000000704a00000, 0x0000000704a00000| Untracked 
|  57|0x0000000704b00000, 0x0000000704b00000, 0x0000000704c00000|  0%| F|  |TAMS 0x0000000704b00000, 0x0000000704b00000| Untracked 
|  58|0x0000000704c00000, 0x0000000704c00000, 0x0000000704d00000|  0%| F|  |TAMS 0x0000000704c00000, 0x0000000704c00000| Untracked 
|  59|0x0000000704d00000, 0x0000000704d00000, 0x0000000704e00000|  0%| F|  |TAMS 0x0000000704d00000, 0x0000000704d00000| Untracked 
|  60|0x0000000704e00000, 0x0000000704e00000, 0x0000000704f00000|  0%| F|  |TAMS 0x0000000704e00000, 0x0000000704e00000| Untracked 
|  61|0x0000000704f00000, 0x0000000704f00000, 0x0000000705000000|  0%| F|  |TAMS 0x0000000704f00000, 0x0000000704f00000| Untracked 
|  62|0x0000000705000000, 0x0000000705000000, 0x0000000705100000|  0%| F|  |TAMS 0x0000000705000000, 0x0000000705000000| Untracked 
|  63|0x0000000705100000, 0x0000000705100000, 0x0000000705200000|  0%| F|  |TAMS 0x0000000705100000, 0x0000000705100000| Untracked 
|  64|0x0000000705200000, 0x0000000705200000, 0x0000000705300000|  0%| F|  |TAMS 0x0000000705200000, 0x0000000705200000| Untracked 
|  65|0x0000000705300000, 0x0000000705300000, 0x0000000705400000|  0%| F|  |TAMS 0x0000000705300000, 0x0000000705300000| Untracked 
|  66|0x0000000705400000, 0x0000000705400000, 0x0000000705500000|  0%| F|  |TAMS 0x0000000705400000, 0x0000000705400000| Untracked 
|  67|0x0000000705500000, 0x0000000705500000, 0x0000000705600000|  0%| F|  |TAMS 0x0000000705500000, 0x0000000705500000| Untracked 
|  68|0x0000000705600000, 0x0000000705600000, 0x0000000705700000|  0%| F|  |TAMS 0x0000000705600000, 0x0000000705600000| Untracked 
|  69|0x0000000705700000, 0x0000000705700000, 0x0000000705800000|  0%| F|  |TAMS 0x0000000705700000, 0x0000000705700000| Untracked 
|  70|0x0000000705800000, 0x0000000705800000, 0x0000000705900000|  0%| F|  |TAMS 0x0000000705800000, 0x0000000705800000| Untracked 
|  71|0x0000000705900000, 0x0000000705900000, 0x0000000705a00000|  0%| F|  |TAMS 0x0000000705900000, 0x0000000705900000| Untracked 
|  72|0x0000000705a00000, 0x0000000705a00000, 0x0000000705b00000|  0%| F|  |TAMS 0x0000000705a00000, 0x0000000705a00000| Untracked 
|  73|0x0000000705b00000, 0x0000000705b00000, 0x0000000705c00000|  0%| F|  |TAMS 0x0000000705b00000, 0x0000000705b00000| Untracked 
|  74|0x0000000705c00000, 0x0000000705c00000, 0x0000000705d00000|  0%| F|  |TAMS 0x0000000705c00000, 0x0000000705c00000| Untracked 
|  75|0x0000000705d00000, 0x0000000705d00000, 0x0000000705e00000|  0%| F|  |TAMS 0x0000000705d00000, 0x0000000705d00000| Untracked 
|  76|0x0000000705e00000, 0x0000000705e00000, 0x0000000705f00000|  0%| F|  |TAMS 0x0000000705e00000, 0x0000000705e00000| Untracked 
|  77|0x0000000705f00000, 0x0000000705f00000, 0x0000000706000000|  0%| F|  |TAMS 0x0000000705f00000, 0x0000000705f00000| Untracked 
|  78|0x0000000706000000, 0x0000000706000000, 0x0000000706100000|  0%| F|  |TAMS 0x0000000706000000, 0x0000000706000000| Untracked 
|  79|0x0000000706100000, 0x0000000706100000, 0x0000000706200000|  0%| F|  |TAMS 0x0000000706100000, 0x0000000706100000| Untracked 
|  80|0x0000000706200000, 0x0000000706200000, 0x0000000706300000|  0%| F|  |TAMS 0x0000000706200000, 0x0000000706200000| Untracked 
|  81|0x0000000706300000, 0x0000000706300000, 0x0000000706400000|  0%| F|  |TAMS 0x0000000706300000, 0x0000000706300000| Untracked 
|  82|0x0000000706400000, 0x0000000706400000, 0x0000000706500000|  0%| F|  |TAMS 0x0000000706400000, 0x0000000706400000| Untracked 
|  83|0x0000000706500000, 0x0000000706500000, 0x0000000706600000|  0%| F|  |TAMS 0x0000000706500000, 0x0000000706500000| Untracked 
|  84|0x0000000706600000, 0x0000000706600000, 0x0000000706700000|  0%| F|  |TAMS 0x0000000706600000, 0x0000000706600000| Untracked 
|  85|0x0000000706700000, 0x0000000706700000, 0x0000000706800000|  0%| F|  |TAMS 0x0000000706700000, 0x0000000706700000| Untracked 
|  86|0x0000000706800000, 0x0000000706800000, 0x0000000706900000|  0%| F|  |TAMS 0x0000000706800000, 0x0000000706800000| Untracked 
|  87|0x0000000706900000, 0x0000000706900000, 0x0000000706a00000|  0%| F|  |TAMS 0x0000000706900000, 0x0000000706900000| Untracked 
|  88|0x0000000706a00000, 0x0000000706a00000, 0x0000000706b00000|  0%| F|  |TAMS 0x0000000706a00000, 0x0000000706a00000| Untracked 
|  89|0x0000000706b00000, 0x0000000706b00000, 0x0000000706c00000|  0%| F|  |TAMS 0x0000000706b00000, 0x0000000706b00000| Untracked 
|  90|0x0000000706c00000, 0x0000000706c00000, 0x0000000706d00000|  0%| F|  |TAMS 0x0000000706c00000, 0x0000000706c00000| Untracked 
|  91|0x0000000706d00000, 0x0000000706d00000, 0x0000000706e00000|  0%| F|  |TAMS 0x0000000706d00000, 0x0000000706d00000| Untracked 
|  92|0x0000000706e00000, 0x0000000706e00000, 0x0000000706f00000|  0%| F|  |TAMS 0x0000000706e00000, 0x0000000706e00000| Untracked 
|  93|0x0000000706f00000, 0x0000000706f00000, 0x0000000707000000|  0%| F|  |TAMS 0x0000000706f00000, 0x0000000706f00000| Untracked 
|  94|0x0000000707000000, 0x0000000707000000, 0x0000000707100000|  0%| F|  |TAMS 0x0000000707000000, 0x0000000707000000| Untracked 
|  95|0x0000000707100000, 0x0000000707100000, 0x0000000707200000|  0%| F|  |TAMS 0x0000000707100000, 0x0000000707100000| Untracked 
|  96|0x0000000707200000, 0x0000000707200000, 0x0000000707300000|  0%| F|  |TAMS 0x0000000707200000, 0x0000000707200000| Untracked 
|  97|0x0000000707300000, 0x0000000707300000, 0x0000000707400000|  0%| F|  |TAMS 0x0000000707300000, 0x0000000707300000| Untracked 
|  98|0x0000000707400000, 0x0000000707400000, 0x0000000707500000|  0%| F|  |TAMS 0x0000000707400000, 0x0000000707400000| Untracked 
|  99|0x0000000707500000, 0x0000000707500000, 0x0000000707600000|  0%| F|  |TAMS 0x0000000707500000, 0x0000000707500000| Untracked 
| 100|0x0000000707600000, 0x0000000707600000, 0x0000000707700000|  0%| F|  |TAMS 0x0000000707600000, 0x0000000707600000| Untracked 
| 101|0x0000000707700000, 0x0000000707700000, 0x0000000707800000|  0%| F|  |TAMS 0x0000000707700000, 0x0000000707700000| Untracked 
| 102|0x0000000707800000, 0x0000000707800000, 0x0000000707900000|  0%| F|  |TAMS 0x0000000707800000, 0x0000000707800000| Untracked 
| 103|0x0000000707900000, 0x0000000707900000, 0x0000000707a00000|  0%| F|  |TAMS 0x0000000707900000, 0x0000000707900000| Untracked 
| 104|0x0000000707a00000, 0x0000000707a00000, 0x0000000707b00000|  0%| F|  |TAMS 0x0000000707a00000, 0x0000000707a00000| Untracked 
| 105|0x0000000707b00000, 0x0000000707b00000, 0x0000000707c00000|  0%| F|  |TAMS 0x0000000707b00000, 0x0000000707b00000| Untracked 
| 106|0x0000000707c00000, 0x0000000707c00000, 0x0000000707d00000|  0%| F|  |TAMS 0x0000000707c00000, 0x0000000707c00000| Untracked 
| 107|0x0000000707d00000, 0x0000000707d00000, 0x0000000707e00000|  0%| F|  |TAMS 0x0000000707d00000, 0x0000000707d00000| Untracked 
| 108|0x0000000707e00000, 0x0000000707e00000, 0x0000000707f00000|  0%| F|  |TAMS 0x0000000707e00000, 0x0000000707e00000| Untracked 
| 109|0x0000000707f00000, 0x0000000707f00000, 0x0000000708000000|  0%| F|  |TAMS 0x0000000707f00000, 0x0000000707f00000| Untracked 
| 110|0x0000000708000000, 0x0000000708000000, 0x0000000708100000|  0%| F|  |TAMS 0x0000000708000000, 0x0000000708000000| Untracked 
| 111|0x0000000708100000, 0x0000000708100000, 0x0000000708200000|  0%| F|  |TAMS 0x0000000708100000, 0x0000000708100000| Untracked 
| 112|0x0000000708200000, 0x0000000708200000, 0x0000000708300000|  0%| F|  |TAMS 0x0000000708200000, 0x0000000708200000| Untracked 
| 113|0x0000000708300000, 0x0000000708300000, 0x0000000708400000|  0%| F|  |TAMS 0x0000000708300000, 0x0000000708300000| Untracked 
| 114|0x0000000708400000, 0x0000000708400000, 0x0000000708500000|  0%| F|  |TAMS 0x0000000708400000, 0x0000000708400000| Untracked 
| 115|0x0000000708500000, 0x0000000708500000, 0x0000000708600000|  0%| F|  |TAMS 0x0000000708500000, 0x0000000708500000| Untracked 
| 116|0x0000000708600000, 0x0000000708600000, 0x0000000708700000|  0%| F|  |TAMS 0x0000000708600000, 0x0000000708600000| Untracked 
| 117|0x0000000708700000, 0x0000000708700000, 0x0000000708800000|  0%| F|  |TAMS 0x0000000708700000, 0x0000000708700000| Untracked 
| 118|0x0000000708800000, 0x0000000708800000, 0x0000000708900000|  0%| F|  |TAMS 0x0000000708800000, 0x0000000708800000| Untracked 
| 119|0x0000000708900000, 0x0000000708900000, 0x0000000708a00000|  0%| F|  |TAMS 0x0000000708900000, 0x0000000708900000| Untracked 
| 120|0x0000000708a00000, 0x0000000708a00000, 0x0000000708b00000|  0%| F|  |TAMS 0x0000000708a00000, 0x0000000708a00000| Untracked 
| 121|0x0000000708b00000, 0x0000000708b00000, 0x0000000708c00000|  0%| F|  |TAMS 0x0000000708b00000, 0x0000000708b00000| Untracked 
| 122|0x0000000708c00000, 0x0000000708c00000, 0x0000000708d00000|  0%| F|  |TAMS 0x0000000708c00000, 0x0000000708c00000| Untracked 
| 123|0x0000000708d00000, 0x0000000708d00000, 0x0000000708e00000|  0%| F|  |TAMS 0x0000000708d00000, 0x0000000708d00000| Untracked 
| 124|0x0000000708e00000, 0x0000000708e00000, 0x0000000708f00000|  0%| F|  |TAMS 0x0000000708e00000, 0x0000000708e00000| Untracked 
| 125|0x0000000708f00000, 0x0000000708f00000, 0x0000000709000000|  0%| F|  |TAMS 0x0000000708f00000, 0x0000000708f00000| Untracked 
| 126|0x0000000709000000, 0x0000000709000000, 0x0000000709100000|  0%| F|  |TAMS 0x0000000709000000, 0x0000000709000000| Untracked 
| 127|0x0000000709100000, 0x0000000709100000, 0x0000000709200000|  0%| F|  |TAMS 0x0000000709100000, 0x0000000709100000| Untracked 
| 128|0x0000000709200000, 0x0000000709200000, 0x0000000709300000|  0%| F|  |TAMS 0x0000000709200000, 0x0000000709200000| Untracked 
| 129|0x0000000709300000, 0x0000000709300000, 0x0000000709400000|  0%| F|  |TAMS 0x0000000709300000, 0x0000000709300000| Untracked 
| 130|0x0000000709400000, 0x0000000709400000, 0x0000000709500000|  0%| F|  |TAMS 0x0000000709400000, 0x0000000709400000| Untracked 
| 131|0x0000000709500000, 0x0000000709500000, 0x0000000709600000|  0%| F|  |TAMS 0x0000000709500000, 0x0000000709500000| Untracked 
| 132|0x0000000709600000, 0x0000000709600000, 0x0000000709700000|  0%| F|  |TAMS 0x0000000709600000, 0x0000000709600000| Untracked 
| 133|0x0000000709700000, 0x0000000709700000, 0x0000000709800000|  0%| F|  |TAMS 0x0000000709700000, 0x0000000709700000| Untracked 
| 134|0x0000000709800000, 0x0000000709800000, 0x0000000709900000|  0%| F|  |TAMS 0x0000000709800000, 0x0000000709800000| Untracked 
| 135|0x0000000709900000, 0x0000000709900000, 0x0000000709a00000|  0%| F|  |TAMS 0x0000000709900000, 0x0000000709900000| Untracked 
| 136|0x0000000709a00000, 0x0000000709a00000, 0x0000000709b00000|  0%| F|  |TAMS 0x0000000709a00000, 0x0000000709a00000| Untracked 
| 137|0x0000000709b00000, 0x0000000709b00000, 0x0000000709c00000|  0%| F|  |TAMS 0x0000000709b00000, 0x0000000709b00000| Untracked 
| 138|0x0000000709c00000, 0x0000000709c00000, 0x0000000709d00000|  0%| F|  |TAMS 0x0000000709c00000, 0x0000000709c00000| Untracked 
| 139|0x0000000709d00000, 0x0000000709d00000, 0x0000000709e00000|  0%| F|  |TAMS 0x0000000709d00000, 0x0000000709d00000| Untracked 
| 140|0x0000000709e00000, 0x0000000709e00000, 0x0000000709f00000|  0%| F|  |TAMS 0x0000000709e00000, 0x0000000709e00000| Untracked 
| 141|0x0000000709f00000, 0x0000000709f00000, 0x000000070a000000|  0%| F|  |TAMS 0x0000000709f00000, 0x0000000709f00000| Untracked 
| 142|0x000000070a000000, 0x000000070a000000, 0x000000070a100000|  0%| F|  |TAMS 0x000000070a000000, 0x000000070a000000| Untracked 
| 143|0x000000070a100000, 0x000000070a100000, 0x000000070a200000|  0%| F|  |TAMS 0x000000070a100000, 0x000000070a100000| Untracked 
| 144|0x000000070a200000, 0x000000070a200000, 0x000000070a300000|  0%| F|  |TAMS 0x000000070a200000, 0x000000070a200000| Untracked 
| 145|0x000000070a300000, 0x000000070a300000, 0x000000070a400000|  0%| F|  |TAMS 0x000000070a300000, 0x000000070a300000| Untracked 
| 146|0x000000070a400000, 0x000000070a400000, 0x000000070a500000|  0%| F|  |TAMS 0x000000070a400000, 0x000000070a400000| Untracked 
| 147|0x000000070a500000, 0x000000070a500000, 0x000000070a600000|  0%| F|  |TAMS 0x000000070a500000, 0x000000070a500000| Untracked 
| 148|0x000000070a600000, 0x000000070a600000, 0x000000070a700000|  0%| F|  |TAMS 0x000000070a600000, 0x000000070a600000| Untracked 
| 149|0x000000070a700000, 0x000000070a700000, 0x000000070a800000|  0%| F|  |TAMS 0x000000070a700000, 0x000000070a700000| Untracked 
| 150|0x000000070a800000, 0x000000070a800000, 0x000000070a900000|  0%| F|  |TAMS 0x000000070a800000, 0x000000070a800000| Untracked 
| 151|0x000000070a900000, 0x000000070a900000, 0x000000070aa00000|  0%| F|  |TAMS 0x000000070a900000, 0x000000070a900000| Untracked 
| 152|0x000000070aa00000, 0x000000070aa00000, 0x000000070ab00000|  0%| F|  |TAMS 0x000000070aa00000, 0x000000070aa00000| Untracked 
| 153|0x000000070ab00000, 0x000000070ab00000, 0x000000070ac00000|  0%| F|  |TAMS 0x000000070ab00000, 0x000000070ab00000| Untracked 
| 154|0x000000070ac00000, 0x000000070ac00000, 0x000000070ad00000|  0%| F|  |TAMS 0x000000070ac00000, 0x000000070ac00000| Untracked 
| 155|0x000000070ad00000, 0x000000070ad00000, 0x000000070ae00000|  0%| F|  |TAMS 0x000000070ad00000, 0x000000070ad00000| Untracked 
| 156|0x000000070ae00000, 0x000000070ae00000, 0x000000070af00000|  0%| F|  |TAMS 0x000000070ae00000, 0x000000070ae00000| Untracked 
| 157|0x000000070af00000, 0x000000070af00000, 0x000000070b000000|  0%| F|  |TAMS 0x000000070af00000, 0x000000070af00000| Untracked 
| 158|0x000000070b000000, 0x000000070b000000, 0x000000070b100000|  0%| F|  |TAMS 0x000000070b000000, 0x000000070b000000| Untracked 
| 159|0x000000070b100000, 0x000000070b100000, 0x000000070b200000|  0%| F|  |TAMS 0x000000070b100000, 0x000000070b100000| Untracked 
| 160|0x000000070b200000, 0x000000070b200000, 0x000000070b300000|  0%| F|  |TAMS 0x000000070b200000, 0x000000070b200000| Untracked 
| 161|0x000000070b300000, 0x000000070b300000, 0x000000070b400000|  0%| F|  |TAMS 0x000000070b300000, 0x000000070b300000| Untracked 
| 162|0x000000070b400000, 0x000000070b400000, 0x000000070b500000|  0%| F|  |TAMS 0x000000070b400000, 0x000000070b400000| Untracked 
| 163|0x000000070b500000, 0x000000070b500000, 0x000000070b600000|  0%| F|  |TAMS 0x000000070b500000, 0x000000070b500000| Untracked 
| 164|0x000000070b600000, 0x000000070b600000, 0x000000070b700000|  0%| F|  |TAMS 0x000000070b600000, 0x000000070b600000| Untracked 
| 165|0x000000070b700000, 0x000000070b700000, 0x000000070b800000|  0%| F|  |TAMS 0x000000070b700000, 0x000000070b700000| Untracked 
| 166|0x000000070b800000, 0x000000070b800000, 0x000000070b900000|  0%| F|  |TAMS 0x000000070b800000, 0x000000070b800000| Untracked 
| 167|0x000000070b900000, 0x000000070b900000, 0x000000070ba00000|  0%| F|  |TAMS 0x000000070b900000, 0x000000070b900000| Untracked 
| 168|0x000000070ba00000, 0x000000070ba00000, 0x000000070bb00000|  0%| F|  |TAMS 0x000000070ba00000, 0x000000070ba00000| Untracked 
| 169|0x000000070bb00000, 0x000000070bb00000, 0x000000070bc00000|  0%| F|  |TAMS 0x000000070bb00000, 0x000000070bb00000| Untracked 
| 170|0x000000070bc00000, 0x000000070bc00000, 0x000000070bd00000|  0%| F|  |TAMS 0x000000070bc00000, 0x000000070bc00000| Untracked 
| 171|0x000000070bd00000, 0x000000070bd00000, 0x000000070be00000|  0%| F|  |TAMS 0x000000070bd00000, 0x000000070bd00000| Untracked 
| 172|0x000000070be00000, 0x000000070be00000, 0x000000070bf00000|  0%| F|  |TAMS 0x000000070be00000, 0x000000070be00000| Untracked 
| 173|0x000000070bf00000, 0x000000070bf00000, 0x000000070c000000|  0%| F|  |TAMS 0x000000070bf00000, 0x000000070bf00000| Untracked 
| 174|0x000000070c000000, 0x000000070c000000, 0x000000070c100000|  0%| F|  |TAMS 0x000000070c000000, 0x000000070c000000| Untracked 
| 175|0x000000070c100000, 0x000000070c100000, 0x000000070c200000|  0%| F|  |TAMS 0x000000070c100000, 0x000000070c100000| Untracked 
| 176|0x000000070c200000, 0x000000070c200000, 0x000000070c300000|  0%| F|  |TAMS 0x000000070c200000, 0x000000070c200000| Untracked 
| 177|0x000000070c300000, 0x000000070c300000, 0x000000070c400000|  0%| F|  |TAMS 0x000000070c300000, 0x000000070c300000| Untracked 
| 178|0x000000070c400000, 0x000000070c400000, 0x000000070c500000|  0%| F|  |TAMS 0x000000070c400000, 0x000000070c400000| Untracked 
| 179|0x000000070c500000, 0x000000070c500000, 0x000000070c600000|  0%| F|  |TAMS 0x000000070c500000, 0x000000070c500000| Untracked 
| 180|0x000000070c600000, 0x000000070c600000, 0x000000070c700000|  0%| F|  |TAMS 0x000000070c600000, 0x000000070c600000| Untracked 
| 181|0x000000070c700000, 0x000000070c700000, 0x000000070c800000|  0%| F|  |TAMS 0x000000070c700000, 0x000000070c700000| Untracked 
| 182|0x000000070c800000, 0x000000070c800000, 0x000000070c900000|  0%| F|  |TAMS 0x000000070c800000, 0x000000070c800000| Untracked 
| 183|0x000000070c900000, 0x000000070c900000, 0x000000070ca00000|  0%| F|  |TAMS 0x000000070c900000, 0x000000070c900000| Untracked 
| 184|0x000000070ca00000, 0x000000070ca00000, 0x000000070cb00000|  0%| F|  |TAMS 0x000000070ca00000, 0x000000070ca00000| Untracked 
| 185|0x000000070cb00000, 0x000000070cb00000, 0x000000070cc00000|  0%| F|  |TAMS 0x000000070cb00000, 0x000000070cb00000| Untracked 
| 186|0x000000070cc00000, 0x000000070cc00000, 0x000000070cd00000|  0%| F|  |TAMS 0x000000070cc00000, 0x000000070cc00000| Untracked 
| 187|0x000000070cd00000, 0x000000070cd00000, 0x000000070ce00000|  0%| F|  |TAMS 0x000000070cd00000, 0x000000070cd00000| Untracked 
| 188|0x000000070ce00000, 0x000000070ce00000, 0x000000070cf00000|  0%| F|  |TAMS 0x000000070ce00000, 0x000000070ce00000| Untracked 
| 189|0x000000070cf00000, 0x000000070cf00000, 0x000000070d000000|  0%| F|  |TAMS 0x000000070cf00000, 0x000000070cf00000| Untracked 
| 190|0x000000070d000000, 0x000000070d000000, 0x000000070d100000|  0%| F|  |TAMS 0x000000070d000000, 0x000000070d000000| Untracked 
| 191|0x000000070d100000, 0x000000070d100000, 0x000000070d200000|  0%| F|  |TAMS 0x000000070d100000, 0x000000070d100000| Untracked 
| 192|0x000000070d200000, 0x000000070d200000, 0x000000070d300000|  0%| F|  |TAMS 0x000000070d200000, 0x000000070d200000| Untracked 
| 193|0x000000070d300000, 0x000000070d300000, 0x000000070d400000|  0%| F|  |TAMS 0x000000070d300000, 0x000000070d300000| Untracked 
| 194|0x000000070d400000, 0x000000070d400000, 0x000000070d500000|  0%| F|  |TAMS 0x000000070d400000, 0x000000070d400000| Untracked 
| 195|0x000000070d500000, 0x000000070d500000, 0x000000070d600000|  0%| F|  |TAMS 0x000000070d500000, 0x000000070d500000| Untracked 
| 196|0x000000070d600000, 0x000000070d600000, 0x000000070d700000|  0%| F|  |TAMS 0x000000070d600000, 0x000000070d600000| Untracked 
| 197|0x000000070d700000, 0x000000070d700000, 0x000000070d800000|  0%| F|  |TAMS 0x000000070d700000, 0x000000070d700000| Untracked 
| 198|0x000000070d800000, 0x000000070d800000, 0x000000070d900000|  0%| F|  |TAMS 0x000000070d800000, 0x000000070d800000| Untracked 
| 199|0x000000070d900000, 0x000000070d900000, 0x000000070da00000|  0%| F|  |TAMS 0x000000070d900000, 0x000000070d900000| Untracked 
| 200|0x000000070da00000, 0x000000070da00000, 0x000000070db00000|  0%| F|  |TAMS 0x000000070da00000, 0x000000070da00000| Untracked 
| 201|0x000000070db00000, 0x000000070db00000, 0x000000070dc00000|  0%| F|  |TAMS 0x000000070db00000, 0x000000070db00000| Untracked 
| 202|0x000000070dc00000, 0x000000070dc00000, 0x000000070dd00000|  0%| F|  |TAMS 0x000000070dc00000, 0x000000070dc00000| Untracked 
| 203|0x000000070dd00000, 0x000000070dd00000, 0x000000070de00000|  0%| F|  |TAMS 0x000000070dd00000, 0x000000070dd00000| Untracked 
| 204|0x000000070de00000, 0x000000070de00000, 0x000000070df00000|  0%| F|  |TAMS 0x000000070de00000, 0x000000070de00000| Untracked 
| 205|0x000000070df00000, 0x000000070df80800, 0x000000070e000000| 50%| E|  |TAMS 0x000000070df00000, 0x000000070df00000| Complete 
| 206|0x000000070e000000, 0x000000070e100000, 0x000000070e100000|100%| E|CS|TAMS 0x000000070e000000, 0x000000070e000000| Complete 
| 207|0x000000070e100000, 0x000000070e200000, 0x000000070e200000|100%| E|CS|TAMS 0x000000070e100000, 0x000000070e100000| Complete 
| 208|0x000000070e200000, 0x000000070e300000, 0x000000070e300000|100%| E|CS|TAMS 0x000000070e200000, 0x000000070e200000| Complete 
| 209|0x000000070e300000, 0x000000070e400000, 0x000000070e400000|100%| E|CS|TAMS 0x000000070e300000, 0x000000070e300000| Complete 
| 210|0x000000070e400000, 0x000000070e500000, 0x000000070e500000|100%| E|CS|TAMS 0x000000070e400000, 0x000000070e400000| Complete 
| 211|0x000000070e500000, 0x000000070e600000, 0x000000070e600000|100%| E|CS|TAMS 0x000000070e500000, 0x000000070e500000| Complete 
| 212|0x000000070e600000, 0x000000070e700000, 0x000000070e700000|100%| E|CS|TAMS 0x000000070e600000, 0x000000070e600000| Complete 
| 213|0x000000070e700000, 0x000000070e800000, 0x000000070e800000|100%| E|CS|TAMS 0x000000070e700000, 0x000000070e700000| Complete 
| 214|0x000000070e800000, 0x000000070e900000, 0x000000070e900000|100%| E|CS|TAMS 0x000000070e800000, 0x000000070e800000| Complete 
| 215|0x000000070e900000, 0x000000070ea00000, 0x000000070ea00000|100%| E|CS|TAMS 0x000000070e900000, 0x000000070e900000| Complete 
| 216|0x000000070ea00000, 0x000000070eb00000, 0x000000070eb00000|100%| E|CS|TAMS 0x000000070ea00000, 0x000000070ea00000| Complete 
| 217|0x000000070eb00000, 0x000000070ec00000, 0x000000070ec00000|100%| E|CS|TAMS 0x000000070eb00000, 0x000000070eb00000| Complete 
| 218|0x000000070ec00000, 0x000000070ed00000, 0x000000070ed00000|100%| E|CS|TAMS 0x000000070ec00000, 0x000000070ec00000| Complete 
| 219|0x000000070ed00000, 0x000000070ee00000, 0x000000070ee00000|100%| E|CS|TAMS 0x000000070ed00000, 0x000000070ed00000| Complete 
| 220|0x000000070ee00000, 0x000000070ee18450, 0x000000070ef00000|  9%| S|CS|TAMS 0x000000070ee00000, 0x000000070ee00000| Complete 
| 221|0x000000070ef00000, 0x000000070f000000, 0x000000070f000000|100%| S|CS|TAMS 0x000000070ef00000, 0x000000070ef00000| Complete 
| 222|0x000000070f000000, 0x000000070f100000, 0x000000070f100000|100%| S|CS|TAMS 0x000000070f000000, 0x000000070f000000| Complete 
| 223|0x000000070f100000, 0x000000070f200000, 0x000000070f200000|100%| S|CS|TAMS 0x000000070f100000, 0x000000070f100000| Complete 
| 224|0x000000070f200000, 0x000000070f300000, 0x000000070f300000|100%| S|CS|TAMS 0x000000070f200000, 0x000000070f200000| Complete 
| 225|0x000000070f300000, 0x000000070f400000, 0x000000070f400000|100%| E|CS|TAMS 0x000000070f300000, 0x000000070f300000| Complete 
| 226|0x000000070f400000, 0x000000070f500000, 0x000000070f500000|100%| E|CS|TAMS 0x000000070f400000, 0x000000070f400000| Complete 
| 227|0x000000070f500000, 0x000000070f600000, 0x000000070f600000|100%| E|CS|TAMS 0x000000070f500000, 0x000000070f500000| Complete 
| 228|0x000000070f600000, 0x000000070f700000, 0x000000070f700000|100%| E|CS|TAMS 0x000000070f600000, 0x000000070f600000| Complete 
| 229|0x000000070f700000, 0x000000070f800000, 0x000000070f800000|100%| E|CS|TAMS 0x000000070f700000, 0x000000070f700000| Complete 
| 230|0x000000070f800000, 0x000000070f900000, 0x000000070f900000|100%| E|CS|TAMS 0x000000070f800000, 0x000000070f800000| Complete 
| 231|0x000000070f900000, 0x000000070fa00000, 0x000000070fa00000|100%| E|CS|TAMS 0x000000070f900000, 0x000000070f900000| Complete 
| 232|0x000000070fa00000, 0x000000070fb00000, 0x000000070fb00000|100%| E|CS|TAMS 0x000000070fa00000, 0x000000070fa00000| Complete 
| 233|0x000000070fb00000, 0x000000070fc00000, 0x000000070fc00000|100%| E|CS|TAMS 0x000000070fb00000, 0x000000070fb00000| Complete 
| 234|0x000000070fc00000, 0x000000070fd00000, 0x000000070fd00000|100%| E|CS|TAMS 0x000000070fc00000, 0x000000070fc00000| Complete 
| 235|0x000000070fd00000, 0x000000070fe00000, 0x000000070fe00000|100%| E|  |TAMS 0x000000070fd00000, 0x000000070fd00000| Complete 
| 236|0x000000070fe00000, 0x000000070ff00000, 0x000000070ff00000|100%| E|CS|TAMS 0x000000070fe00000, 0x000000070fe00000| Complete 
| 237|0x000000070ff00000, 0x0000000710000000, 0x0000000710000000|100%| E|CS|TAMS 0x000000070ff00000, 0x000000070ff00000| Complete 
| 238|0x0000000710000000, 0x0000000710100000, 0x0000000710100000|100%| E|CS|TAMS 0x0000000710000000, 0x0000000710000000| Complete 
| 239|0x0000000710100000, 0x0000000710200000, 0x0000000710200000|100%| E|CS|TAMS 0x0000000710100000, 0x0000000710100000| Complete 
| 240|0x0000000710200000, 0x0000000710300000, 0x0000000710300000|100%| E|CS|TAMS 0x0000000710200000, 0x0000000710200000| Complete 
| 241|0x0000000710300000, 0x0000000710400000, 0x0000000710400000|100%| E|CS|TAMS 0x0000000710300000, 0x0000000710300000| Complete 
| 242|0x0000000710400000, 0x0000000710500000, 0x0000000710500000|100%| E|CS|TAMS 0x0000000710400000, 0x0000000710400000| Complete 
| 243|0x0000000710500000, 0x0000000710600000, 0x0000000710600000|100%| E|CS|TAMS 0x0000000710500000, 0x0000000710500000| Complete 
| 244|0x0000000710600000, 0x0000000710700000, 0x0000000710700000|100%| E|CS|TAMS 0x0000000710600000, 0x0000000710600000| Complete 
| 245|0x0000000710700000, 0x0000000710800000, 0x0000000710800000|100%| E|CS|TAMS 0x0000000710700000, 0x0000000710700000| Complete 
| 246|0x0000000710800000, 0x0000000710900000, 0x0000000710900000|100%| E|CS|TAMS 0x0000000710800000, 0x0000000710800000| Complete 
| 247|0x0000000710900000, 0x0000000710a00000, 0x0000000710a00000|100%| E|CS|TAMS 0x0000000710900000, 0x0000000710900000| Complete 
| 248|0x0000000710a00000, 0x0000000710b00000, 0x0000000710b00000|100%| E|CS|TAMS 0x0000000710a00000, 0x0000000710a00000| Complete 
| 249|0x0000000710b00000, 0x0000000710c00000, 0x0000000710c00000|100%| E|CS|TAMS 0x0000000710b00000, 0x0000000710b00000| Complete 
| 250|0x0000000710c00000, 0x0000000710d00000, 0x0000000710d00000|100%| E|CS|TAMS 0x0000000710c00000, 0x0000000710c00000| Complete 
| 251|0x0000000710d00000, 0x0000000710e00000, 0x0000000710e00000|100%| E|CS|TAMS 0x0000000710d00000, 0x0000000710d00000| Complete 
| 252|0x0000000710e00000, 0x0000000710f00000, 0x0000000710f00000|100%| E|CS|TAMS 0x0000000710e00000, 0x0000000710e00000| Complete 
| 253|0x0000000710f00000, 0x0000000711000000, 0x0000000711000000|100%| E|CS|TAMS 0x0000000710f00000, 0x0000000710f00000| Complete 
| 254|0x0000000711000000, 0x0000000711100000, 0x0000000711100000|100%| E|CS|TAMS 0x0000000711000000, 0x0000000711000000| Complete 
| 255|0x0000000711100000, 0x0000000711200000, 0x0000000711200000|100%| E|CS|TAMS 0x0000000711100000, 0x0000000711100000| Complete 

Card table byte_map: [0x0000022d56d40000,0x0000022d57540000] _byte_map_base: 0x0000022d53537000

Marking Bits (Prev, Next): (CMBitMap*) 0x0000022d3e8de080, (CMBitMap*) 0x0000022d3e8de048
 Prev Bits: [0x0000022d5bd00000, 0x0000022d5fcb8000)
 Next Bits: [0x0000022d57d40000, 0x0000022d5bcf8000)

Polling page: 0x0000022d3c630000

Metaspace:

Usage:
  Non-class:     25.42 MB capacity,    25.21 MB (>99%) used,   159.41 KB ( <1%) free+waste,    57.81 KB ( <1%) overhead. 
      Class:      2.83 MB capacity,     2.64 MB ( 93%) used,   175.55 KB (  6%) free+waste,    27.19 KB ( <1%) overhead. 
       Both:     28.25 MB capacity,    27.84 MB ( 99%) used,   334.95 KB (  1%) free+waste,    85.00 KB ( <1%) overhead. 

Virtual space:
  Non-class space:       26.00 MB reserved,      25.50 MB ( 98%) committed 
      Class space:        1.00 GB reserved,       2.88 MB ( <1%) committed 
             Both:        1.03 GB reserved,      28.38 MB (  3%) committed 

Chunk freelists:
   Non-Class:  19.00 KB
       Class:  9.00 KB
        Both:  28.00 KB

MaxMetaspaceSize: 17179869184.00 GB
CompressedClassSpaceSize: 1.00 GB
Initial GC threshold: 20.80 MB
Current GC threshold: 35.00 MB
CDS: off

CodeHeap 'non-profiled nmethods': size=120000Kb used=1870Kb max_used=1870Kb free=118129Kb
 bounds [0x0000022d4eab0000, 0x0000022d4ed20000, 0x0000022d55fe0000]
CodeHeap 'profiled nmethods': size=120000Kb used=9554Kb max_used=9554Kb free=110445Kb
 bounds [0x0000022d47580000, 0x0000022d47ee0000, 0x0000022d4eab0000]
CodeHeap 'non-nmethods': size=5760Kb used=1523Kb max_used=1564Kb free=4236Kb
 bounds [0x0000022d46fe0000, 0x0000022d47250000, 0x0000022d47580000]
 total_blobs=5009 nmethods=4126 adapters=794
 compilation: enabled
              stopped_count=0, restarted_count=0
 full_count=0

Compilation events (20 events):
Event: 43.899 Thread 0x0000022d633c3000 nmethod 4115 0x0000022d47ecdc10 code [0x0000022d47ecdde0, 0x0000022d47ece168]
Event: 43.899 Thread 0x0000022d633c3000 4116       3       sun.awt.image.BufferedImageGraphicsConfig::getDefaultTransform (12 bytes)
Event: 43.899 Thread 0x0000022d633c3000 nmethod 4116 0x0000022d47ece210 code [0x0000022d47ece3e0, 0x0000022d47ece6c8]
Event: 43.941 Thread 0x0000022d633c3000 4117       3       androidx.compose.ui.graphics.Canvas::clipRect-mtrdD-E$default (37 bytes)
Event: 43.941 Thread 0x0000022d633c3000 nmethod 4117 0x0000022d47ece810 code [0x0000022d47ecea00, 0x0000022d47ecedd8]
Event: 43.944 Thread 0x0000022d633c3000 4118       3       sun.java2d.windows.GDIWindowSurfaceData::validatePipe (265 bytes)
Event: 43.944 Thread 0x0000022d633c3000 nmethod 4118 0x0000022d47ecef90 code [0x0000022d47ecf220, 0x0000022d47ed00b8]
Event: 43.944 Thread 0x0000022d633c3000 4119       3       sun.java2d.windows.GDIWindowSurfaceData::getRenderLoops (26 bytes)
Event: 43.944 Thread 0x0000022d633c3000 nmethod 4119 0x0000022d47ed0290 code [0x0000022d47ed0460, 0x0000022d47ed0628]
Event: 43.956 Thread 0x0000022d633c3000 4120       1       java.awt.image.ColorModel::getPixelSize (5 bytes)
Event: 43.956 Thread 0x0000022d633c3000 nmethod 4120 0x0000022d4ec75290 code [0x0000022d4ec75440, 0x0000022d4ec754f8]
Event: 44.027 Thread 0x0000022d633c3000 4121       3       androidx.compose.ui.graphics.drawscope.CanvasDrawScope::obtainFillPaint (43 bytes)
Event: 44.028 Thread 0x0000022d633c3000 nmethod 4121 0x0000022d47ed0710 code [0x0000022d47ed0980, 0x0000022d47ed1208]
Event: 44.153 Thread 0x0000022d633af000 4122       4       javax.swing.SwingUtilities::getRoot (36 bytes)
Event: 44.154 Thread 0x0000022d633af000 nmethod 4122 0x0000022d4ec75590 code [0x0000022d4ec75740, 0x0000022d4ec75838]
Event: 44.221 Thread 0x0000022d633af000 4123       4       androidx.compose.ui.node.LayoutNodeLayoutDelegate$MeasurePassDelegate::forEachChildAlignmentLinesOwner (92 bytes)
Event: 44.223 Thread 0x0000022d633af000 nmethod 4123 0x0000022d4ec75910 code [0x0000022d4ec75ac0, 0x0000022d4ec75cb8]
Event: 44.277 Thread 0x0000022d633af000 4124       4       java.awt.Container::recursiveApplyCurrentShape (13 bytes)
Event: 44.293 Thread 0x0000022d633c3000 4126       3       java.awt.Container::recursiveApplyCurrentShape (112 bytes)
Event: 44.294 Thread 0x0000022d633c3000 nmethod 4126 0x0000022d47ed1590 code [0x0000022d47ed19e0, 0x0000022d47ed4028]

GC Heap History (4 events):
Event: 0.540 GC heap before
{Heap before GC invocations=0 (full 0):
 garbage-first heap   total 262144K, used 24576K [0x0000000701200000, 0x0000000800000000)
  region size 1024K, 24 young (24576K), 0 survivors (0K)
 Metaspace       used 12517K, capacity 12739K, committed 12928K, reserved 1060864K
  class space    used 1050K, capacity 1141K, committed 1152K, reserved 1048576K
}
Event: 0.542 GC heap after
{Heap after GC invocations=1 (full 0):
 garbage-first heap   total 262144K, used 3114K [0x0000000701200000, 0x0000000800000000)
  region size 1024K, 3 young (3072K), 3 survivors (3072K)
 Metaspace       used 12517K, capacity 12739K, committed 12928K, reserved 1060864K
  class space    used 1050K, capacity 1141K, committed 1152K, reserved 1048576K
}
Event: 1.137 GC heap before
{Heap before GC invocations=1 (full 0):
 garbage-first heap   total 262144K, used 30762K [0x0000000701200000, 0x0000000800000000)
  region size 1024K, 31 young (31744K), 3 survivors (3072K)
 Metaspace       used 20801K, capacity 21127K, committed 21248K, reserved 1069056K
  class space    used 2024K, capacity 2201K, committed 2304K, reserved 1048576K
}
Event: 1.141 GC heap after
{Heap after GC invocations=2 (full 0):
 garbage-first heap   total 262144K, used 4235K [0x0000000701200000, 0x0000000800000000)
  region size 1024K, 5 young (5120K), 5 survivors (5120K)
 Metaspace       used 20801K, capacity 21127K, committed 21248K, reserved 1069056K
  class space    used 2024K, capacity 2201K, committed 2304K, reserved 1048576K
}

Deoptimization events (20 events):
Event: 44.273 Thread 0x0000022d63b9d000 Uncommon trap: trap_request=0xffffff4d fr.pc=0x0000022d4ebf8f40 relative=0x00000000000051e0
Event: 44.273 Thread 0x0000022d63b9d000 Uncommon trap: reason=unstable_if action=reinterpret pc=0x0000022d4ebf8f40 method=sun.java2d.pipe.Region.isEmpty()Z @ 19 c2
Event: 44.273 Thread 0x0000022d63b9d000 DEOPT PACKING pc=0x0000022d4ebf8f40 sp=0x00000081ca5fb740
Event: 44.273 Thread 0x0000022d63b9d000 DEOPT UNPACKING pc=0x0000022d4702a1af sp=0x00000081ca5fb618 mode 2
Event: 44.276 Thread 0x0000022d63b9d000 Uncommon trap: trap_request=0xffffff4d fr.pc=0x0000022d4ec504cc relative=0x00000000000017cc
Event: 44.276 Thread 0x0000022d63b9d000 Uncommon trap: reason=unstable_if action=reinterpret pc=0x0000022d4ec504cc method=androidx.compose.runtime.snapshots.SnapshotStateObserver$ObservedScopeMap.clearObsoleteStateReads(Ljava/lang/Object;)V @ 180 c2
Event: 44.276 Thread 0x0000022d63b9d000 DEOPT PACKING pc=0x0000022d4ec504cc sp=0x00000081ca5fae20
Event: 44.276 Thread 0x0000022d63b9d000 DEOPT UNPACKING pc=0x0000022d4702a1af sp=0x00000081ca5fac40 mode 2
Event: 44.509 Thread 0x0000022d63b9d000 Uncommon trap: trap_request=0xffffff4d fr.pc=0x0000022d4ec1d230 relative=0x0000000000000450
Event: 44.509 Thread 0x0000022d63b9d000 Uncommon trap: reason=unstable_if action=reinterpret pc=0x0000022d4ec1d230 method=androidx.collection.MutableObjectIntMap.findIndex(Ljava/lang/Object;)I @ 270 c2
Event: 44.509 Thread 0x0000022d63b9d000 DEOPT PACKING pc=0x0000022d4ec1d230 sp=0x00000081ca5f7300
Event: 44.509 Thread 0x0000022d63b9d000 DEOPT UNPACKING pc=0x0000022d4702a1af sp=0x00000081ca5f7238 mode 2
Event: 44.509 Thread 0x0000022d63b9d000 Uncommon trap: trap_request=0xffffff4d fr.pc=0x0000022d4ec09bb0 relative=0x00000000000002f0
Event: 44.509 Thread 0x0000022d63b9d000 Uncommon trap: reason=unstable_if action=reinterpret pc=0x0000022d4ec09bb0 method=androidx.collection.MutableObjectIntMap.put(Ljava/lang/Object;II)I @ 12 c2
Event: 44.509 Thread 0x0000022d63b9d000 DEOPT PACKING pc=0x0000022d4ec09bb0 sp=0x00000081ca5f7360
Event: 44.509 Thread 0x0000022d63b9d000 DEOPT UNPACKING pc=0x0000022d4702a1af sp=0x00000081ca5f71c0 mode 2
Event: 44.509 Thread 0x0000022d63b9d000 Uncommon trap: trap_request=0xffffff4d fr.pc=0x0000022d4ec083d8 relative=0x0000000000000218
Event: 44.509 Thread 0x0000022d63b9d000 Uncommon trap: reason=unstable_if action=reinterpret pc=0x0000022d4ec083d8 method=androidx.collection.MutableObjectIntMap.put(Ljava/lang/Object;II)I @ 12 c2
Event: 44.509 Thread 0x0000022d63b9d000 DEOPT PACKING pc=0x0000022d4ec083d8 sp=0x00000081ca5f7020
Event: 44.509 Thread 0x0000022d63b9d000 DEOPT UNPACKING pc=0x0000022d4702a1af sp=0x00000081ca5f6fe0 mode 2

Classes redefined (0 events):
No events

Internal exceptions (20 events):
Event: 0.409 Thread 0x0000022d3e879800 Exception <a 'java/lang/NoSuchMethodError'{0x00000007106bc5b0}: 'java.lang.Object java.lang.invoke.DirectMethodHandle$Holder.invokeStatic(java.lang.Object, java.lang.Object, java.lang.Object, java.lang.Object, java.lang.Object, java.lang.Object, java.lang.Object, java.lang.Object, int)'> (0x00000007106bc5b0) thrown at [s\src\hotspot\share\interpreter\linkResolver.cpp, line 773]
Event: 0.411 Thread 0x0000022d3e879800 Exception <a 'java/lang/NoSuchMethodError'{0x00000007106d6938}: 'java.lang.Object java.lang.invoke.DirectMethodHandle$Holder.invokeStatic(java.lang.Object, java.lang.Object, java.lang.Object, java.lang.Object, java.lang.Object, java.lang.Object, java.lang.Object, java.lang.Object, int, int)'> (0x00000007106d6938) thrown at [s\src\hotspot\share\interpreter\linkResolver.cpp, line 773]
Event: 0.528 Thread 0x0000022d63b9d000 Exception <a 'java/lang/NoSuchMethodError'{0x000000070fbd9bd8}: 'int java.lang.invoke.DirectMethodHandle$Holder.invokeStaticInit(java.lang.Object, java.lang.Object, java.lang.Object)'> (0x000000070fbd9bd8) thrown at [s\src\hotspot\share\interpreter\linkResolver.cpp, line 773]
Event: 0.839 Thread 0x0000022d63b9d000 Exception <a 'java/lang/NoSuchMethodError'{0x0000000710c68b68}: 'java.lang.Object java.lang.invoke.DirectMethodHandle$Holder.invokeStatic(java.lang.Object, int, java.lang.Object, java.lang.Object, java.lang.Object, java.lang.Object)'> (0x0000000710c68b68) thrown at [s\src\hotspot\share\interpreter\linkResolver.cpp, line 773]
Event: 0.839 Thread 0x0000022d63b9d000 Exception <a 'java/lang/NoSuchMethodError'{0x0000000710c6fed0}: 'java.lang.Object java.lang.invoke.DirectMethodHandle$Holder.invokeStatic(java.lang.Object, int, java.lang.Object, java.lang.Object, java.lang.Object)'> (0x0000000710c6fed0) thrown at [s\src\hotspot\share\interpreter\linkResolver.cpp, line 773]
Event: 0.839 Thread 0x0000022d63b9d000 Exception <a 'java/lang/NoSuchMethodError'{0x0000000710c73cc0}: 'java.lang.Object java.lang.invoke.DirectMethodHandle$Holder.invokeSpecial(java.lang.Object, java.lang.Object, int, java.lang.Object, java.lang.Object, java.lang.Object)'> (0x0000000710c73cc0) thrown at [s\src\hotspot\share\interpreter\linkResolver.cpp, line 773]
Event: 0.842 Thread 0x0000022d63b9d000 Exception <a 'java/lang/NoSuchMethodError'{0x0000000710c8bef0}: 'java.lang.Object java.lang.invoke.DirectMethodHandle$Holder.invokeStatic(java.lang.Object, int, java.lang.Object)'> (0x0000000710c8bef0) thrown at [s\src\hotspot\share\interpreter\linkResolver.cpp, line 773]
Event: 0.858 Thread 0x0000022d63b9d000 Exception <a 'java/lang/ClassNotFoundException'{0x0000000710b36a70}: com/sun/swing/internal/plaf/metal/resources/spi/metalProvider> (0x0000000710b36a70) thrown at [s\src\hotspot\share\classfile\systemDictionary.cpp, line 230]
Event: 0.859 Thread 0x0000022d63b9d000 Exception <a 'java/lang/ClassNotFoundException'{0x0000000710b3d4b0}: com/sun/swing/internal/plaf/basic/resources/spi/basicProvider> (0x0000000710b3d4b0) thrown at [s\src\hotspot\share\classfile\systemDictionary.cpp, line 230]
Event: 1.026 Thread 0x0000022d63b9d000 Exception <a 'java/lang/NoSuchMethodError'{0x000000070ff9c118}: 'double java.lang.invoke.DirectMethodHandle$Holder.invokeStatic(java.lang.Object, double)'> (0x000000070ff9c118) thrown at [s\src\hotspot\share\interpreter\linkResolver.cpp, line 773]
Event: 1.027 Thread 0x0000022d63b9d000 Exception <a 'java/lang/NoSuchMethodError'{0x000000070ff9f2b8}: 'double java.lang.invoke.DirectMethodHandle$Holder.invokeStaticInit(java.lang.Object, double)'> (0x000000070ff9f2b8) thrown at [s\src\hotspot\share\interpreter\linkResolver.cpp, line 773]
Event: 1.085 Thread 0x0000022d63b9d000 Exception <a 'java/lang/NoSuchMethodError'{0x000000070faa4080}: 'void java.lang.invoke.DirectMethodHandle$Holder.invokeStaticInit(java.lang.Object, java.lang.Object)'> (0x000000070faa4080) thrown at [s\src\hotspot\share\interpreter\linkResolver.cpp, line 773]
Event: 1.124 Thread 0x0000022d63c83800 Exception <a 'java/lang/NoSuchMethodError'{0x0000000711188af0}: 'void java.lang.invoke.DirectMethodHandle$Holder.invokeVirtual(java.lang.Object, java.lang.Object)'> (0x0000000711188af0) thrown at [s\src\hotspot\share\interpreter\linkResolver.cpp, line 773]
Event: 1.136 Thread 0x0000022d63b9d000 Exception <a 'java/lang/NoSuchMethodError'{0x000000070f33a168}: 'void java.lang.invoke.DirectMethodHandle$Holder.invokeStaticInit(java.lang.Object)'> (0x000000070f33a168) thrown at [s\src\hotspot\share\interpreter\linkResolver.cpp, line 773]
Event: 1.148 Thread 0x0000022d63b9d000 Exception <a 'java/io/FileNotFoundException'{0x000000071118a5f8}> (0x000000071118a5f8) thrown at [s\src\hotspot\share\prims\jni.cpp, line 617]
Event: 1.148 Thread 0x0000022d63b9d000 Exception <a 'java/security/PrivilegedActionException'{0x000000071118b1a0}> (0x000000071118b1a0) thrown at [s\src\hotspot\share\prims\jvm.cpp, line 1306]
Event: 1.169 Thread 0x0000022d63b9d000 Exception <a 'java/lang/NoSuchMethodError'{0x00000007110c5248}: 'java.lang.Object java.lang.invoke.DirectMethodHandle$Holder.invokeStatic(java.lang.Object, java.lang.Object, java.lang.Object, java.lang.Object, java.lang.Object, java.lang.Object, java.lang.Object, java.lang.Object, java.lang.Object, java.lang.Object, java.lang.Object, int)'> (0x00000007110c5248) thrown at [s\src\hotspot\share\interpreter\linkResolver.cpp, line 773]
Event: 1.171 Thread 0x0000022d63b9d000 Exception <a 'java/lang/NoSuchMethodError'{0x00000007110e36f8}: 'java.lang.Object java.lang.invoke.DirectMethodHandle$Holder.invokeStatic(java.lang.Object, java.lang.Object, java.lang.Object, java.lang.Object, java.lang.Object, java.lang.Object, java.lang.Object, java.lang.Object, java.lang.Object, java.lang.Object, java.lang.Object, int, int)'> (0x00000007110e36f8) thrown at [s\src\hotspot\share\interpreter\linkResolver.cpp, line 773]
Event: 1.172 Thread 0x0000022d63b9d000 Exception <a 'java/lang/NoSuchMethodError'{0x0000000710f02e90}: 'java.lang.Object java.lang.invoke.DirectMethodHandle$Holder.invokeStatic(java.lang.Object, java.lang.Object, java.lang.Object, java.lang.Object, java.lang.Object, java.lang.Object, java.lang.Object, java.lang.Object, java.lang.Object, java.lang.Object, java.lang.Object, int, int, java.lang.Object)'> (0x0000000710f02e90) thrown at [s\src\hotspot\share\interpreter\linkResolver.cpp, line 773]
Event: 1.173 Thread 0x0000022d63b9d000 Exception <a 'java/lang/NoSuchMethodError'{0x0000000710f0f190}: 'java.lang.Object java.lang.invoke.Invokers$Holder.linkToTargetMethod(java.lang.Object, int, java.lang.Object)'> (0x0000000710f0f190) thrown at [s\src\hotspot\share\interpreter\linkResolver.cpp, line 773]

Events (20 events):
Event: 38.017 loading class java/awt/image/BufferedImage
Event: 38.017 loading class java/awt/image/WritableRenderedImage
Event: 38.017 loading class java/awt/image/RenderedImage
Event: 38.017 loading class java/awt/image/RenderedImage done
Event: 38.017 loading class java/awt/image/WritableRenderedImage done
Event: 38.017 loading class java/awt/image/BufferedImage done
Event: 38.017 loading class java/awt/image/BufferedImage$1
Event: 38.017 loading class java/awt/image/BufferedImage$1 done
Event: 38.017 loading class sun/awt/image/BufImgSurfaceData
Event: 38.017 loading class sun/awt/image/BufImgSurfaceData done
Event: 38.017 loading class sun/awt/image/BufImgSurfaceData$ICMColorData
Event: 38.017 loading class sun/awt/image/BufImgSurfaceData$ICMColorData done
Event: 38.018 loading class sun/awt/image/BufferedImageDevice
Event: 38.018 loading class sun/awt/image/BufferedImageDevice done
Event: 38.673 Loaded shared library C:\Users\Administrator\.skiko\9303f35aa2028a09fc1b4f906c670b2bd7a19025bec7d2bb544ecb0a4d3e542a\skiko-windows-x64.dll
Event: 39.657 Loaded shared library C:\Users\Administrator\.skiko\9303f35aa2028a09fc1b4f906c670b2bd7a19025bec7d2bb544ecb0a4d3e542a\skiko-windows-x64.dll
Event: 40.553 loading class kotlin/jvm/internal/DefaultConstructorMarker
Event: 40.553 loading class kotlin/jvm/internal/DefaultConstructorMarker done
Event: 41.877 Loaded shared library C:\Users\Administrator\.skiko\9303f35aa2028a09fc1b4f906c670b2bd7a19025bec7d2bb544ecb0a4d3e542a\skiko-windows-x64.dll
Event: 42.244 Loaded shared library C:\Users\Administrator\.skiko\9303f35aa2028a09fc1b4f906c670b2bd7a19025bec7d2bb544ecb0a4d3e542a\skiko-windows-x64.dll


Dynamic libraries:
0x00007ff674e20000 - 0x00007ff674e2d000 	C:\Program Files\JDK\Corretto11\jdk11.0.19_7\bin\java.exe
0x00007ffb69330000 - 0x00007ffb69547000 	C:\WINDOWS\SYSTEM32\ntdll.dll
0x00007ffb68900000 - 0x00007ffb689c4000 	C:\WINDOWS\System32\KERNEL32.DLL
0x00007ffb66cd0000 - 0x00007ffb67076000 	C:\WINDOWS\System32\KERNELBASE.dll
0x00007ffb66670000 - 0x00007ffb66781000 	C:\WINDOWS\System32\ucrtbase.dll
0x00007ffb3f540000 - 0x00007ffb3f557000 	C:\Program Files\JDK\Corretto11\jdk11.0.19_7\bin\jli.dll
0x00007ffb3f560000 - 0x00007ffb3f579000 	C:\Program Files\JDK\Corretto11\jdk11.0.19_7\bin\VCRUNTIME140.dll
0x00007ffb68370000 - 0x00007ffb6851e000 	C:\WINDOWS\System32\USER32.dll
0x00007ffb66c70000 - 0x00007ffb66c96000 	C:\WINDOWS\System32\win32u.dll
0x00007ffb4f980000 - 0x00007ffb4fc13000 	C:\WINDOWS\WinSxS\amd64_microsoft.windows.common-controls_6595b64144ccf1df_6.0.22621.2506_none_270c5ae97388e100\COMCTL32.dll
0x00007ffb692c0000 - 0x00007ffb692e9000 	C:\WINDOWS\System32\GDI32.dll
0x00007ffb66850000 - 0x00007ffb66968000 	C:\WINDOWS\System32\gdi32full.dll
0x00007ffb66bd0000 - 0x00007ffb66c6a000 	C:\WINDOWS\System32\msvcp_win.dll
0x00007ffb69050000 - 0x00007ffb690f7000 	C:\WINDOWS\System32\msvcrt.dll
0x00007ffb67180000 - 0x00007ffb671b1000 	C:\WINDOWS\System32\IMM32.DLL
0x00007ffb3f4a0000 - 0x00007ffb3f53b000 	C:\Program Files\JDK\Corretto11\jdk11.0.19_7\bin\msvcp140.dll
0x00007ffa7c000000 - 0x00007ffa7cb8a000 	C:\Program Files\JDK\Corretto11\jdk11.0.19_7\bin\server\jvm.dll
0x00007ffb67090000 - 0x00007ffb67143000 	C:\WINDOWS\System32\ADVAPI32.dll
0x00007ffb67a20000 - 0x00007ffb67ac8000 	C:\WINDOWS\System32\sechost.dll
0x00007ffb66ca0000 - 0x00007ffb66cc8000 	C:\WINDOWS\System32\bcrypt.dll
0x00007ffb68f30000 - 0x00007ffb69047000 	C:\WINDOWS\System32\RPCRT4.dll
0x00007ffb67170000 - 0x00007ffb67178000 	C:\WINDOWS\System32\PSAPI.DLL
0x00007ffb5e070000 - 0x00007ffb5e07a000 	C:\WINDOWS\SYSTEM32\VERSION.dll
0x00007ffb5aa70000 - 0x00007ffb5aaa4000 	C:\WINDOWS\SYSTEM32\WINMM.dll
0x00007ffb4f5f0000 - 0x00007ffb4f5f9000 	C:\WINDOWS\SYSTEM32\WSOCK32.dll
0x00007ffb689d0000 - 0x00007ffb68a41000 	C:\WINDOWS\System32\ws2_32.DLL
0x00007ffb65650000 - 0x00007ffb65668000 	C:\WINDOWS\SYSTEM32\kernel.appcore.dll
0x00007ffb637d0000 - 0x00007ffb637e0000 	C:\Program Files\JDK\Corretto11\jdk11.0.19_7\bin\verify.dll
0x00007ffb5d6a0000 - 0x00007ffb5d8d3000 	C:\WINDOWS\SYSTEM32\DBGHELP.DLL
0x00007ffb67b80000 - 0x00007ffb67f09000 	C:\WINDOWS\System32\combase.dll
0x00007ffb68530000 - 0x00007ffb68607000 	C:\WINDOWS\System32\OLEAUT32.dll
0x00007ffb5d8e0000 - 0x00007ffb5d912000 	C:\WINDOWS\SYSTEM32\dbgcore.DLL
0x00007ffb669e0000 - 0x00007ffb66a5a000 	C:\WINDOWS\System32\bcryptPrimitives.dll
0x00007ffb3f470000 - 0x00007ffb3f498000 	C:\Program Files\JDK\Corretto11\jdk11.0.19_7\bin\java.dll
0x00007ffb4cd60000 - 0x00007ffb4cd6a000 	C:\Program Files\JDK\Corretto11\jdk11.0.19_7\bin\jimage.dll
0x00007ffb3f450000 - 0x00007ffb3f468000 	C:\Program Files\JDK\Corretto11\jdk11.0.19_7\bin\zip.dll
0x00007ffb671c0000 - 0x00007ffb67a1b000 	C:\WINDOWS\System32\SHELL32.dll
0x00007ffb64560000 - 0x00007ffb64e56000 	C:\WINDOWS\SYSTEM32\windows.storage.dll
0x00007ffb64420000 - 0x00007ffb6455e000 	C:\WINDOWS\SYSTEM32\wintypes.dll
0x00007ffb69100000 - 0x00007ffb691f3000 	C:\WINDOWS\System32\SHCORE.dll
0x00007ffb69260000 - 0x00007ffb692be000 	C:\WINDOWS\System32\shlwapi.dll
0x00007ffb665a0000 - 0x00007ffb665c6000 	C:\WINDOWS\SYSTEM32\profapi.dll
0x00007ffb3f430000 - 0x00007ffb3f449000 	C:\Program Files\JDK\Corretto11\jdk11.0.19_7\bin\net.dll
0x00007ffb60710000 - 0x00007ffb60847000 	C:\WINDOWS\SYSTEM32\WINHTTP.dll
0x00007ffb65ac0000 - 0x00007ffb65b29000 	C:\WINDOWS\system32\mswsock.dll
0x00007ffaddf00000 - 0x00007ffaddf13000 	C:\Program Files\JDK\Corretto11\jdk11.0.19_7\bin\nio.dll
0x00007ffae5390000 - 0x00007ffae552a000 	C:\Program Files\JDK\Corretto11\jdk11.0.19_7\bin\awt.dll
0x00007ffb63a90000 - 0x00007ffb63b27000 	C:\WINDOWS\SYSTEM32\apphelp.dll
0x00007ffb63ba0000 - 0x00007ffb63c4b000 	C:\WINDOWS\system32\uxtheme.dll
0x00007ffb68210000 - 0x00007ffb68361000 	C:\WINDOWS\System32\MSCTF.dll
0x00007ffb68760000 - 0x00007ffb68900000 	C:\WINDOWS\System32\ole32.dll
0x00007ffb63fb0000 - 0x00007ffb63fdb000 	C:\WINDOWS\system32\DWMAPI.DLL
0x00007ffb3be50000 - 0x00007ffb3bf50000 	C:\WINDOWS\system32\opengl32.dll
0x00007ffb3c5f0000 - 0x00007ffb3c61d000 	C:\WINDOWS\SYSTEM32\GLU32.dll
0x00007ffb63c80000 - 0x00007ffb63cb9000 	C:\WINDOWS\SYSTEM32\dxcore.dll
0x00007ffb4bee0000 - 0x00007ffb4c089000 	C:\WINDOWS\system32\d3d9.dll
0x00007ffb5c610000 - 0x00007ffb5c727000 	C:\WINDOWS\System32\DriverStore\FileRepository\nv_dispig.inf_amd64_ee20464bb4ac57f4\nvldumdx.dll
0x00007ffb65db0000 - 0x00007ffb65dc2000 	C:\WINDOWS\SYSTEM32\msasn1.dll
0x00007ffb5df30000 - 0x00007ffb5df62000 	C:\WINDOWS\SYSTEM32\cryptnet.dll
0x00007ffb66a60000 - 0x00007ffb66bc6000 	C:\WINDOWS\System32\CRYPT32.dll
0x00007ffb5db60000 - 0x00007ffb5dcb8000 	C:\WINDOWS\SYSTEM32\drvstore.dll
0x00007ffb66240000 - 0x00007ffb6626c000 	C:\WINDOWS\SYSTEM32\devobj.dll
0x00007ffb66270000 - 0x00007ffb662be000 	C:\WINDOWS\SYSTEM32\cfgmgr32.dll
0x00007ffb65e10000 - 0x00007ffb65e5b000 	C:\WINDOWS\SYSTEM32\wldp.dll
0x00007ffb65cf0000 - 0x00007ffb65cfc000 	C:\WINDOWS\SYSTEM32\cryptbase.dll
0x00007ffb66970000 - 0x00007ffb669db000 	C:\WINDOWS\System32\WINTRUST.DLL
0x00007ffb67150000 - 0x00007ffb6716f000 	C:\WINDOWS\System32\imagehlp.dll
0x00007ffb65d00000 - 0x00007ffb65d1b000 	C:\WINDOWS\SYSTEM32\CRYPTSP.dll
0x00007ffb655b0000 - 0x00007ffb655e5000 	C:\WINDOWS\system32\rsaenh.dll
0x00007ffb2cab0000 - 0x00007ffb2e2ba000 	C:\WINDOWS\System32\DriverStore\FileRepository\nv_dispig.inf_amd64_ee20464bb4ac57f4\nvd3dumx.dll
0x00007ffb604e0000 - 0x00007ffb6052a000 	C:\WINDOWS\SYSTEM32\directxdatabasehelper.dll
0x00007ffb65b40000 - 0x00007ffb65b66000 	C:\WINDOWS\SYSTEM32\gpapi.dll
0x00007ffa8e800000 - 0x00007ffa8f837000 	C:\Users\Administrator\.skiko\9303f35aa2028a09fc1b4f906c670b2bd7a19025bec7d2bb544ecb0a4d3e542a\skiko-windows-x64.dll
0x00007ffb62f80000 - 0x00007ffb631d2000 	C:\WINDOWS\SYSTEM32\dcomp.dll
0x00007ffb62700000 - 0x00007ffb62974000 	C:\WINDOWS\SYSTEM32\dwrite.dll
0x00007ffae5bc0000 - 0x00007ffae5c43000 	C:\Program Files\JDK\Corretto11\jdk11.0.19_7\bin\freetype.dll
0x00007ffae52c0000 - 0x00007ffae5382000 	C:\Program Files\JDK\Corretto11\jdk11.0.19_7\bin\fontmanager.dll
0x00007ffb52a90000 - 0x00007ffb52a97000 	C:\Program Files\JDK\Corretto11\jdk11.0.19_7\bin\jawt.dll
0x00007ffb63db0000 - 0x00007ffb63ea8000 	C:\WINDOWS\SYSTEM32\Dxgi.dll
0x00007ffb599e0000 - 0x00007ffb59a09000 	C:\WINDOWS\SYSTEM32\D3D12.dll
0x00007ffae4ae0000 - 0x00007ffae4ce3000 	C:\WINDOWS\SYSTEM32\D3D12Core.dll
0x00007ffada8a0000 - 0x00007ffadd29a000 	C:\WINDOWS\System32\DriverStore\FileRepository\nv_dispig.inf_amd64_ee20464bb4ac57f4\nvwgf2umx.dll
0x00007ffae5050000 - 0x00007ffae507f000 	C:\WINDOWS\SYSTEM32\D3DSCache.dll
0x00007ffb65b70000 - 0x00007ffb65b9c000 	C:\WINDOWS\SYSTEM32\USERENV.dll
0x00007ffb5cb80000 - 0x00007ffb5ce07000 	C:\WINDOWS\SYSTEM32\twinapi.appcore.dll
0x00007ffb61db0000 - 0x00007ffb62196000 	C:\WINDOWS\SYSTEM32\d3dcompiler_47.dll
0x00007ffb4d6c0000 - 0x00007ffb4d80a000 	C:\WINDOWS\SYSTEM32\textinputframework.dll

dbghelp: loaded successfully - version: 4.0.5 - missing functions: none
symbol engine: initialized successfully - sym options: 0x614 - pdb path: .;C:\Program Files\JDK\Corretto11\jdk11.0.19_7\bin;C:\WINDOWS\SYSTEM32;C:\WINDOWS\WinSxS\amd64_microsoft.windows.common-controls_6595b64144ccf1df_6.0.22621.2506_none_270c5ae97388e100;C:\Program Files\JDK\Corretto11\jdk11.0.19_7\bin\server;C:\WINDOWS\System32\DriverStore\FileRepository\nv_dispig.inf_amd64_ee20464bb4ac57f4;C:\Users\Administrator\.skiko\9303f35aa2028a09fc1b4f906c670b2bd7a19025bec7d2bb544ecb0a4d3e542a

VM Arguments:
jvm_args: -Dfile.encoding=UTF-8 -Duser.country=CN -Duser.language=zh -Duser.variant 
java_command: MainKt
java_class_path (initial): C:\Users\Administrator\Desktop\SuperRPhotoViewer\SuperRPhotoViewer\composeApp\build\classes\kotlin\desktop\main;C:\Users\Administrator\Desktop\SuperRPhotoViewer\SuperRPhotoViewer\composeApp\build\processedResources\desktop\main;C:\Users\Administrator\.gradle\caches\modules-2\files-2.1\org.jetbrains.compose.desktop\desktop-jvm\1.6.0\9504e3dc79eed5b8cf033d64858a8d455aaa863c\desktop-jvm-1.6.0.jar;C:\Users\Administrator\.gradle\caches\modules-2\files-2.1\org.jetbrains.compose.material\material-desktop\1.6.0\736714317797522b18f79e3ffed6f354bfff56a7\material-desktop-1.6.0.jar;C:\Users\Administrator\.gradle\caches\modules-2\files-2.1\org.jetbrains.compose.components\components-resources-desktop\1.6.0\fa7df83d7dbfcb29327a3419194eaeb2142ddf75\library-desktop-1.6.0.jar;C:\Users\Administrator\.gradle\caches\modules-2\files-2.1\org.jetbrains.compose.material\material-ripple-desktop\1.6.0\211b0740ee3291b32ee3ed9dc224f8b526fe5923\material-ripple-desktop-1.6.0.jar;C:\Users\Administrator\.gradle\caches\modules-2\files-2.1\io.coil-kt.coil3\coil-compose-jvm\3.0.0-alpha06\644c7dd07907ff7553dce4ece306e74d176122fc\coil-compose-jvm-3.0.0-alpha06.jar;C:\Users\Administrator\.gradle\caches\modules-2\files-2.1\io.coil-kt.coil3\coil-compose-core-jvm\3.0.0-alpha06\69cea0f00d8f3919839268d616a109a74edaa765\coil-compose-core-jvm-3.0.0-alpha06.jar;C:\Users\Administrator\.gradle\caches\modules-2\files-2.1\org.jetbrains.compose.foundation\foundation-desktop\1.6.0\756c9a1338e9a9171828b34a3dc972725db24398\foundation-desktop-1.6.0.jar;C:\Users\Administrator\.gradle\caches\modules-2\files-2.1\org.jetbrains.compose.animation\animation-desktop\1.6.0\fe4fa2463b8c88ca8afd4479caa4ecdc915dedec\animation-desktop-1.6.0.jar;C:\Users\Administrator\.gradle\caches\modules-2\files-2.1\org.jetbrains.compose.foundation\foundation-layout-desktop\1.6.0\97efe3b924f6fe8ae4522944c07443ad577b51f8\foundation-layout-desktop-1.6.0.jar;C:\Users\Administrator\.gradle\caches\modules-2\files-2.1\org.je
Launcher Type: SUN_STANDARD

[Global flags]
     intx CICompilerCount                          = 4                                         {product} {ergonomic}
     uint ConcGCThreads                            = 3                                         {product} {ergonomic}
     uint G1ConcRefinementThreads                  = 10                                        {product} {ergonomic}
   size_t G1HeapRegionSize                         = 1048576                                   {product} {ergonomic}
    uintx GCDrainStackTargetSize                   = 64                                        {product} {ergonomic}
   size_t InitialHeapSize                          = 268435456                                 {product} {ergonomic}
   size_t MarkStackSize                            = 4194304                                   {product} {ergonomic}
   size_t MaxHeapSize                              = 4276092928                                {product} {ergonomic}
   size_t MaxNewSize                               = 2564816896                                {product} {ergonomic}
   size_t MinHeapDeltaBytes                        = 1048576                                   {product} {ergonomic}
    uintx NonNMethodCodeHeapSize                   = 5836300                                {pd product} {ergonomic}
    uintx NonProfiledCodeHeapSize                  = 122910970                              {pd product} {ergonomic}
    uintx ProfiledCodeHeapSize                     = 122910970                              {pd product} {ergonomic}
    uintx ReservedCodeCacheSize                    = 251658240                              {pd product} {ergonomic}
     bool SegmentedCodeCache                       = true                                      {product} {ergonomic}
     bool UseCompressedClassPointers               = true                                 {lp64_product} {ergonomic}
     bool UseCompressedOops                        = true                                 {lp64_product} {ergonomic}
     bool UseG1GC                                  = true                                      {product} {ergonomic}
     bool UseLargePagesIndividualAllocation        = false                                  {pd product} {ergonomic}

Logging:
Log output configuration:
 #0: stdout all=warning uptime,level,tags
 #1: stderr all=off uptime,level,tags

Environment Variables:
JAVA_HOME=C:\Program Files\JDK\Corretto11\jdk11.0.19_7
CLASSPATH=C:\Users\Administrator\Desktop\SuperRPhotoViewer\SuperRPhotoViewer\\gradle\wrapper\gradle-wrapper.jar
PATH=C:\Program Files (x86)\VMware\VMware Player\bin\;C:\Program Files\JDK\Corretto11\jdk11.0.19_7\bin;C:\WINDOWS\system32;C:\WINDOWS;C:\WINDOWS\System32\Wbem;C:\WINDOWS\System32\WindowsPowerShell\v1.0\;C:\WINDOWS\System32\OpenSSH\;C:\Program Files\Git\cmd;E:\Workspace\sdk\flutter\bin;C:\Program Files\dotnet\;C:\Users\Administrator\AppData\Local\Programs\Python\Python311;C:\Users\Administrator\AppData\Local\Programs\Python\Python311\Scripts;C:\Users\Administrator\AppData\Local\Android\Sdk\platform-tools;C:\Program Files\swift\runtime-development\usr\bin;C:\Library\Developer\Toolchains\unknown-Asserts-development.xctoolchain\usr\bin;C:\Program Files (x86)\Lua\5.1;C:\Program Files (x86)\Lua\5.1\clibs;C:\Users\Administrator\AppData\Local\Android\ninja-win;C:\Users\Administrator\AppData\Local\Microsoft\WindowsApps;C:\Users\Administrator\AppData\Local\Programs\Microsoft VS Code\bin;C:\Users\Administrator\AppData\Local\GitHubDesktop\bin;C:\Program Files\JetBrains\PyCharm 2023.1.3\bin;C:\Users\Administrator\AppData\Local\JetBrains\Toolbox\scripts;;C:\Users\Administrator\AppData\Local\Programs\Fleet\app
USERNAME=Administrator
OS=Windows_NT
PROCESSOR_IDENTIFIER=Intel64 Family 6 Model 165 Stepping 3, GenuineIntel
TMP=C:\Users\ADMINI~1\AppData\Local\Temp
TEMP=C:\Users\ADMINI~1\AppData\Local\Temp



---------------  S Y S T E M  ---------------

OS: Windows 11 , 64 bit Build 22621 (10.0.22621.3085)
OS uptime: 1 days 22:42 hours
Hyper-V role detected

CPU:total 12 (initial active 12) (6 cores per cpu, 2 threads per core) family 6 model 165 stepping 3 microcode 0xe0, cmov, cx8, fxsr, mmx, sse, sse2, sse3, ssse3, sse4.1, sse4.2, popcnt, avx, avx2, aes, clmul, erms, 3dnowpref, lzcnt, ht, tsc, tscinvbit, bmi1, bmi2, adx, fma

Memory: 4k page, system-wide physical 16307M (2502M free)
TotalPageFile size 38928M (AvailPageFile size 10977M)
current process WorkingSet (physical memory assigned to process): 359M, peak: 361M
current process commit charge ("private bytes"): 735M, peak: 847M

vm_info: OpenJDK 64-Bit Server VM (11.0.19+7-LTS) for windows-amd64 JRE (11.0.19+7-LTS), built on Apr 13 2023 22:56:25 by "Administrator" with MS VC++ 15.9 (VS2017)

END.
